#
# There is insufficient memory for the Java Runtime Environment to continue.
# Native memory allocation (malloc) failed to allocate 32744 bytes. Error detail: Chunk::new
# Possible reasons:
#   The system is out of physical RAM or swap space
#   This process is running with CompressedOops enabled, and the Java Heap may be blocking the growth of the native heap
# Possible solutions:
#   Reduce memory load on the system
#   Increase physical memory or swap space
#   Check if swap backing store is full
#   Decrease Java heap size (-Xmx/-Xms)
#   Decrease number of Java threads
#   Decrease Java thread stack sizes (-Xss)
#   Set larger code cache with -XX:ReservedCodeCacheSize=
#   JVM is running with Unscaled Compressed Oops mode in which the Java heap is
#     placed in the first 4GB address space. The Java Heap base address is the
#     maximum limit for the native heap growth. Please use -XX:HeapBaseMinAddress
#     to set the Java Heap base and to place the Java Heap above 4GB virtual address.
# This output file may be truncated or incomplete.
#
#  Out of Memory Error (arena.cpp:150), pid=6108, tid=5892
#
# JRE version: Java(TM) SE Runtime Environment (22.0.2+9) (build 22.0.2+9-70)
# Java VM: Java HotSpot(TM) 64-Bit Server VM (22.0.2+9-70, mixed mode, sharing, tiered, compressed oops, compressed class ptrs, parallel gc, windows-amd64)
# No core dump will be written. Minidumps are not enabled by default on client versions of Windows
#

---------------  S U M M A R Y ------------

Command Line: --add-modules=ALL-SYSTEM --add-opens=java.base/java.util=ALL-UNNAMED --add-opens=java.base/java.lang=ALL-UNNAMED --add-opens=java.base/sun.nio.fs=ALL-UNNAMED -Declipse.application=org.eclipse.jdt.ls.core.id1 -Dosgi.bundles.defaultStartLevel=4 -Declipse.product=org.eclipse.jdt.ls.core.product -Djava.import.generatesMetadataFilesAtProjectRoot=false -DDetectVMInstallationsJob.disabled=true -Dfile.encoding=utf8 -XX:+UseParallelGC -XX:GCTimeRatio=4 -XX:AdaptiveSizePolicyWeight=90 -Dsun.zip.disableMemoryMapping=true -Xmx1G -Xms100m -Xlog:disable -javaagent:c:\Users\Alcielma\.vscode\extensions\redhat.java-1.39.0-win32-x64\lombok\lombok-1.18.34.jar c:\Users\Alcielma\.vscode\extensions\redhat.java-1.39.0-win32-x64\server\plugins\org.eclipse.equinox.launcher_1.6.900.v20240613-2009.jar -configuration c:\Users\Alcielma\AppData\Roaming\Code\User\globalStorage\redhat.java\1.39.0\config_ss_win -data c:\Users\Alcielma\AppData\Roaming\Code\User\workspaceStorage\7f4b856d9addbdb51e2a1b70957ccbfa\redhat.java\ss_ws --pipe=\\.\pipe\lsp-28ab1f7e05e4821dcd23bb0ca8293482-sock

Host: Intel(R) Core(TM) i3-6100U CPU @ 2.30GHz, 4 cores, 3G,  Windows 10 , 64 bit Build 19041 (10.0.19041.5438)
Time: Fri Feb 21 00:22:18 2025 Hora oficial do Brasil elapsed time: 326.354337 seconds (0d 0h 5m 26s)

---------------  T H R E A D  ---------------

Current thread (0x00000222da90bb50):  JavaThread "C2 CompilerThread0" daemon [_thread_in_native, id=5892, stack(0x00000050cd000000,0x00000050cd100000) (1024K)]


Current CompileTask:
C2:326354 7111       4       org.eclipse.jdt.internal.compiler.parser.Scanner::internalScanIdentifierOrKeyword (4943 bytes)

Stack: [0x00000050cd000000,0x00000050cd100000]
Native frames: (J=compiled Java code, j=interpreted, Vv=VM code, C=native code)
V  [jvm.dll+0x6e26e9]  (no source info available)
V  [jvm.dll+0x875753]  (no source info available)
V  [jvm.dll+0x877b7e]  (no source info available)
V  [jvm.dll+0x878253]  (no source info available)
V  [jvm.dll+0x27fc86]  (no source info available)
V  [jvm.dll+0xc3d0f]  (no source info available)
V  [jvm.dll+0xc40fb]  (no source info available)
V  [jvm.dll+0xc3bbb]  (no source info available)
V  [jvm.dll+0x6bf18c]  (no source info available)
V  [jvm.dll+0x388be3]  (no source info available)
V  [jvm.dll+0x38a10a]  (no source info available)
V  [jvm.dll+0x387b4a]  (no source info available)
V  [jvm.dll+0x3871ba]  (no source info available)
V  [jvm.dll+0x2477f8]  (no source info available)
V  [jvm.dll+0x246e9f]  (no source info available)
V  [jvm.dll+0x1c4e80]  (no source info available)
V  [jvm.dll+0x2568f3]  (no source info available)
V  [jvm.dll+0x254baa]  (no source info available)
V  [jvm.dll+0x3f57a6]  (no source info available)
V  [jvm.dll+0x81dc0b]  (no source info available)
V  [jvm.dll+0x6e0d85]  (no source info available)
C  [ucrtbase.dll+0x21bb2]  (no source info available)
C  [KERNEL32.DLL+0x17374]  (no source info available)
C  [ntdll.dll+0x4cc91]  (no source info available)


---------------  P R O C E S S  ---------------

Threads class SMR info:
_java_thread_list=0x00000223230f1e20, length=29, elements={
0x00000222bf334b60, 0x00000222da8ffc30, 0x00000222da901540, 0x00000222da9033c0,
0x00000222da9066d0, 0x00000222da9092a0, 0x00000222da90ad10, 0x00000222da90bb50,
0x00000222da97ff40, 0x00000222c1536e50, 0x000002231cb04150, 0x0000022321515410,
0x0000022321464400, 0x0000022321465240, 0x0000022321550e10, 0x0000022321797950,
0x00000223215f5ab0, 0x00000223215f6140, 0x00000223215f6e60, 0x00000223215f4d90,
0x00000223215f67d0, 0x00000223215f4700, 0x00000223215f5420, 0x00000223215f74f0,
0x00000223215f4070, 0x00000223222f5970, 0x00000223222f6690, 0x00000223222f6000,
0x00000223222f6d20
}

Java Threads: ( => current thread )
  0x00000222bf334b60 JavaThread "main"                              [_thread_blocked, id=12436, stack(0x00000050cc500000,0x00000050cc600000) (1024K)]
  0x00000222da8ffc30 JavaThread "Reference Handler"          daemon [_thread_blocked, id=19092, stack(0x00000050cca00000,0x00000050ccb00000) (1024K)]
  0x00000222da901540 JavaThread "Finalizer"                  daemon [_thread_blocked, id=19248, stack(0x00000050ccb00000,0x00000050ccc00000) (1024K)]
  0x00000222da9033c0 JavaThread "Signal Dispatcher"          daemon [_thread_blocked, id=14812, stack(0x00000050ccc00000,0x00000050ccd00000) (1024K)]
  0x00000222da9066d0 JavaThread "Attach Listener"            daemon [_thread_blocked, id=8072, stack(0x00000050ccd00000,0x00000050cce00000) (1024K)]
  0x00000222da9092a0 JavaThread "Service Thread"             daemon [_thread_blocked, id=8960, stack(0x00000050cce00000,0x00000050ccf00000) (1024K)]
  0x00000222da90ad10 JavaThread "Monitor Deflation Thread"   daemon [_thread_blocked, id=9328, stack(0x00000050ccf00000,0x00000050cd000000) (1024K)]
=>0x00000222da90bb50 JavaThread "C2 CompilerThread0"         daemon [_thread_in_native, id=5892, stack(0x00000050cd000000,0x00000050cd100000) (1024K)]
  0x00000222da97ff40 JavaThread "C1 CompilerThread0"         daemon [_thread_in_vm, id=8048, stack(0x00000050cd100000,0x00000050cd200000) (1024K)]
  0x00000222c1536e50 JavaThread "Common-Cleaner"             daemon [_thread_blocked, id=5484, stack(0x00000050cd200000,0x00000050cd300000) (1024K)]
  0x000002231cb04150 JavaThread "Notification Thread"        daemon [_thread_blocked, id=2960, stack(0x00000050cd300000,0x00000050cd400000) (1024K)]
  0x0000022321515410 JavaThread "Active Thread: Equinox Container: 526801f7-d695-4981-bdd5-3b4511a49373"        [_thread_blocked, id=17372, stack(0x00000050cd700000,0x00000050cd800000) (1024K)]
  0x0000022321464400 JavaThread "Framework Event Dispatcher: Equinox Container: 526801f7-d695-4981-bdd5-3b4511a49373" daemon [_thread_blocked, id=9372, stack(0x00000050cd800000,0x00000050cd900000) (1024K)]
  0x0000022321465240 JavaThread "Start Level: Equinox Container: 526801f7-d695-4981-bdd5-3b4511a49373" daemon [_thread_blocked, id=5352, stack(0x00000050cd900000,0x00000050cda00000) (1024K)]
  0x0000022321550e10 JavaThread "SCR Component Actor"        daemon [_thread_blocked, id=2004, stack(0x00000050cda00000,0x00000050cdb00000) (1024K)]
  0x0000022321797950 JavaThread "Worker-JM"                         [_thread_blocked, id=16184, stack(0x00000050cdc00000,0x00000050cdd00000) (1024K)]
  0x00000223215f5ab0 JavaThread "JNA Cleaner"                daemon [_thread_blocked, id=7200, stack(0x00000050cdd00000,0x00000050cde00000) (1024K)]
  0x00000223215f6140 JavaThread "Worker-0"                          [_thread_blocked, id=4344, stack(0x00000050cde00000,0x00000050cdf00000) (1024K)]
  0x00000223215f6e60 JavaThread "Worker-1"                          [_thread_blocked, id=6860, stack(0x00000050cdf00000,0x00000050ce000000) (1024K)]
  0x00000223215f4d90 JavaThread "Thread-2"                   daemon [_thread_in_native, id=18880, stack(0x00000050cdb00000,0x00000050cdc00000) (1024K)]
  0x00000223215f67d0 JavaThread "Thread-3"                   daemon [_thread_in_native, id=5264, stack(0x00000050ce000000,0x00000050ce100000) (1024K)]
  0x00000223215f4700 JavaThread "Thread-4"                   daemon [_thread_in_native, id=19188, stack(0x00000050ce100000,0x00000050ce200000) (1024K)]
  0x00000223215f5420 JavaThread "Thread-5"                   daemon [_thread_in_native, id=17660, stack(0x00000050ce200000,0x00000050ce300000) (1024K)]
  0x00000223215f74f0 JavaThread "Thread-6"                   daemon [_thread_in_native, id=18072, stack(0x00000050ce300000,0x00000050ce400000) (1024K)]
  0x00000223215f4070 JavaThread "pool-2-thread-1"                   [_thread_blocked, id=12960, stack(0x00000050ce400000,0x00000050ce500000) (1024K)]
  0x00000223222f5970 JavaThread "WorkspaceEventsHandler"            [_thread_blocked, id=10208, stack(0x00000050ce500000,0x00000050ce600000) (1024K)]
  0x00000223222f6690 JavaThread "pool-1-thread-1"                   [_thread_blocked, id=6104, stack(0x00000050ce600000,0x00000050ce700000) (1024K)]
  0x00000223222f6000 JavaThread "Compiler Source File Reader" daemon [_thread_blocked, id=11352, stack(0x00000050cc400000,0x00000050cc500000) (1024K)]
  0x00000223222f6d20 JavaThread "ForkJoinPool.commonPool-worker-5" daemon [_thread_in_vm, id=15176, stack(0x00000050cc300000,0x00000050cc400000) (1024K)]
Total: 29

Other Threads:
  0x00000222da8e3750 VMThread "VM Thread"                           [id=17056, stack(0x00000050cc800000,0x00000050cc900000) (1024K)]
  0x00000222da851c40 WatcherThread "VM Periodic Task Thread"        [id=11812, stack(0x00000050cc700000,0x00000050cc800000) (1024K)]
  0x00000222c148ed90 WorkerThread "GC Thread#0"                     [id=10468, stack(0x00000050cc600000,0x00000050cc700000) (1024K)]
  0x000002231cc12aa0 WorkerThread "GC Thread#1"                     [id=16484, stack(0x00000050cd400000,0x00000050cd500000) (1024K)]
  0x00000223214e9df0 WorkerThread "GC Thread#2"                     [id=18548, stack(0x00000050cd500000,0x00000050cd600000) (1024K)]
  0x00000223214ea1a0 WorkerThread "GC Thread#3"                     [id=15316, stack(0x00000050cd600000,0x00000050cd700000) (1024K)]
Total: 6

Threads with active compile tasks:
C2 CompilerThread0  326730 7111       4       org.eclipse.jdt.internal.compiler.parser.Scanner::internalScanIdentifierOrKeyword (4943 bytes)
C1 CompilerThread0  326730 7130       3       org.eclipse.jdt.internal.compiler.parser.Parser::consumeForceNoDiet (11 bytes)
Total: 2

VM state: not at safepoint (normal execution)

VM Mutex/Monitor currently owned by a thread:  ([mutex/lock_event])
[0x00007ffa53edb680] CompiledIC_lock - owner thread: 0x00000223222f6d20

Heap address: 0x00000000c0000000, size: 1024 MB, Compressed Oops mode: 32-bit

CDS archive(s) mapped at: [0x00000222db000000-0x00000222dbc60000-0x00000222dbc60000), size 12976128, SharedBaseAddress: 0x00000222db000000, ArchiveRelocationMode: 1.
Compressed class space mapped at: 0x00000222dc000000-0x000002231c000000, reserved size: 1073741824
Narrow klass base: 0x00000222db000000, Narrow klass shift: 0, Narrow klass range: 0x41000000

GC Precious Log:
 CardTable entry size: 512
 CPUs: 4 total, 4 available
 Memory: 3975M
 Large Page Support: Disabled
 NUMA Support: Disabled
 Compressed Oops: Enabled (32-bit)
 Alignments: Space 512K, Generation 512K, Heap 2M
 Heap Min Capacity: 100M
 Heap Initial Capacity: 100M
 Heap Max Capacity: 1G
 Pre-touch: Disabled
 Parallel Workers: 4

Heap:
 PSYoungGen      total 21504K, used 4226K [0x00000000eab00000, 0x00000000ec900000, 0x0000000100000000)
  eden space 19456K, 11% used [0x00000000eab00000,0x00000000ead22d60,0x00000000ebe00000)
  from space 2048K, 99% used [0x00000000ebe00000,0x00000000ebffdc38,0x00000000ec000000)
  to   space 5632K, 0% used [0x00000000ec380000,0x00000000ec380000,0x00000000ec900000)
 ParOldGen       total 68608K, used 35135K [0x00000000c0000000, 0x00000000c4300000, 0x00000000eab00000)
  object space 68608K, 51% used [0x00000000c0000000,0x00000000c224fcf8,0x00000000c4300000)
 Metaspace       used 44719K, committed 45760K, reserved 1114112K
  class space    used 4449K, committed 4928K, reserved 1048576K

Card table byte_map: [0x00000222c0e20000,0x00000222c1030000] _byte_map_base: 0x00000222c0820000

Marking Bits: (ParMarkBitMap*) 0x00007ffa53ee1a90
 Begin Bits: [0x00000222d87d0000, 0x00000222d97d0000)
 End Bits:   [0x00000222d97d0000, 0x00000222da7d0000)

Polling page: 0x00000222bf2f0000

Metaspace:

Usage:
  Non-class:     39.33 MB used.
      Class:      4.35 MB used.
       Both:     43.67 MB used.

Virtual space:
  Non-class space:       64.00 MB reserved,      39.88 MB ( 62%) committed,  1 nodes.
      Class space:        1.00 GB reserved,       4.81 MB ( <1%) committed,  1 nodes.
             Both:        1.06 GB reserved,      44.69 MB (  4%) committed. 

Chunk freelists:
   Non-Class:  7.57 MB
       Class:  11.19 MB
        Both:  18.76 MB

MaxMetaspaceSize: unlimited
CompressedClassSpaceSize: 1.00 GB
Initial GC threshold: 21.00 MB
Current GC threshold: 58.38 MB
CDS: on
 - commit_granule_bytes: 65536.
 - commit_granule_words: 8192.
 - virtual_space_node_default_size: 8388608.
 - enlarge_chunks_in_place: 1.
 - use_allocation_guard: 0.


Internal statistics:

num_allocs_failed_limit: 6.
num_arena_births: 832.
num_arena_deaths: 14.
num_vsnodes_births: 2.
num_vsnodes_deaths: 0.
num_space_committed: 715.
num_space_uncommitted: 0.
num_chunks_returned_to_freelist: 20.
num_chunks_taken_from_freelist: 2701.
num_chunk_merges: 11.
num_chunk_splits: 1737.
num_chunks_enlarged: 1101.
num_inconsistent_stats: 0.

CodeHeap 'non-profiled nmethods': size=120000Kb used=4261Kb max_used=4261Kb free=115738Kb
 bounds [0x00000222d12a0000, 0x00000222d16d0000, 0x00000222d87d0000]
CodeHeap 'profiled nmethods': size=120000Kb used=16006Kb max_used=16006Kb free=103993Kb
 bounds [0x00000222c97d0000, 0x00000222ca780000, 0x00000222d0d00000]
CodeHeap 'non-nmethods': size=5760Kb used=1417Kb max_used=1492Kb free=4342Kb
 bounds [0x00000222d0d00000, 0x00000222d0f70000, 0x00000222d12a0000]
 total_blobs=7463 nmethods=6734 adapters=634
 compilation: enabled
              stopped_count=0, restarted_count=0
 full_count=0

Compilation events (20 events):
Event: 326.191 Thread 0x00000222da90bb50 nmethod 7110 0x00000222d16c8a10 code [0x00000222d16c8be0, 0x00000222d16c9340]
Event: 326.191 Thread 0x00000222da90bb50 7111       4       org.eclipse.jdt.internal.compiler.parser.Scanner::internalScanIdentifierOrKeyword (4943 bytes)
Event: 326.193 Thread 0x00000222da97ff40 7120       3       org.eclipse.jdt.internal.compiler.parser.Parser::consumeEnterVariable (807 bytes)
Event: 326.196 Thread 0x00000222da97ff40 nmethod 7120 0x00000222ca76a510 code [0x00000222ca76a8c0, 0x00000222ca76c9d8]
Event: 326.198 Thread 0x00000222da97ff40 7121       3       org.eclipse.jdt.internal.compiler.parser.Parser::consumeFieldDeclaration (243 bytes)
Event: 326.199 Thread 0x00000222da97ff40 nmethod 7121 0x00000222ca76d610 code [0x00000222ca76d840, 0x00000222ca76e338]
Event: 326.215 Thread 0x00000222da97ff40 7122       3       org.eclipse.jdt.internal.compiler.ast.Literal::<init> (15 bytes)
Event: 326.215 Thread 0x00000222da97ff40 nmethod 7122 0x00000222ca76e710 code [0x00000222ca76e8c0, 0x00000222ca76eb58]
Event: 326.225 Thread 0x00000222da97ff40 7123       3       org.eclipse.jdt.internal.compiler.ast.StringLiteral::<init> (24 bytes)
Event: 326.225 Thread 0x00000222da97ff40 nmethod 7123 0x00000222ca76ec90 code [0x00000222ca76ee40, 0x00000222ca76f168]
Event: 326.225 Thread 0x00000222da97ff40 7124   !   3       org.eclipse.jdt.internal.compiler.parser.Scanner::scanForTextBlockBeginning (99 bytes)
Event: 326.226 Thread 0x00000222da97ff40 nmethod 7124 0x00000222ca76f310 code [0x00000222ca76f520, 0x00000222ca76fb78]
Event: 326.226 Thread 0x00000222da97ff40 7125       3       org.eclipse.jdt.internal.compiler.ast.StringLiteral::<init> (13 bytes)
Event: 326.227 Thread 0x00000222da97ff40 nmethod 7125 0x00000222ca76ff90 code [0x00000222ca770160, 0x00000222ca7704e8]
Event: 326.227 Thread 0x00000222da97ff40 7126       3       org.eclipse.jdt.internal.compiler.parser.Scanner::getCurrentTokenSourceString (69 bytes)
Event: 326.227 Thread 0x00000222da97ff40 nmethod 7126 0x00000222ca770690 code [0x00000222ca770860, 0x00000222ca770ca0]
Event: 326.227 Thread 0x00000222da97ff40 7127       3       org.eclipse.jdt.internal.compiler.parser.Parser::createStringLiteral (13 bytes)
Event: 326.227 Thread 0x00000222da97ff40 nmethod 7127 0x00000222ca770d90 code [0x00000222ca770f40, 0x00000222ca771100]
Event: 326.333 Thread 0x00000222da97ff40 7129       3       org.eclipse.jdt.internal.compiler.util.HashtableOfObjectToInt::rehash (78 bytes)
Event: 326.334 Thread 0x00000222da97ff40 nmethod 7129 0x00000222ca771210 code [0x00000222ca7713e0, 0x00000222ca771778]

GC Heap History (20 events):
Event: 30.000 GC heap before
{Heap before GC invocations=20 (full 2):
 PSYoungGen      total 24576K, used 24224K [0x00000000eab00000, 0x00000000ec580000, 0x0000000100000000)
  eden space 22016K, 100% used [0x00000000eab00000,0x00000000ec080000,0x00000000ec080000)
  from space 2560K, 86% used [0x00000000ec080000,0x00000000ec2a8010,0x00000000ec300000)
  to   space 2560K, 0% used [0x00000000ec300000,0x00000000ec300000,0x00000000ec580000)
 ParOldGen       total 68608K, used 24191K [0x00000000c0000000, 0x00000000c4300000, 0x00000000eab00000)
  object space 68608K, 35% used [0x00000000c0000000,0x00000000c179ff38,0x00000000c4300000)
 Metaspace       used 35657K, committed 36544K, reserved 1114112K
  class space    used 3609K, committed 3968K, reserved 1048576K
}
Event: 30.013 GC heap after
{Heap after GC invocations=20 (full 2):
 PSYoungGen      total 24576K, used 2104K [0x00000000eab00000, 0x00000000ec580000, 0x0000000100000000)
  eden space 22016K, 0% used [0x00000000eab00000,0x00000000eab00000,0x00000000ec080000)
  from space 2560K, 82% used [0x00000000ec300000,0x00000000ec50e200,0x00000000ec580000)
  to   space 2560K, 0% used [0x00000000ec080000,0x00000000ec080000,0x00000000ec300000)
 ParOldGen       total 68608K, used 26327K [0x00000000c0000000, 0x00000000c4300000, 0x00000000eab00000)
  object space 68608K, 38% used [0x00000000c0000000,0x00000000c19b5f48,0x00000000c4300000)
 Metaspace       used 35657K, committed 36544K, reserved 1114112K
  class space    used 3609K, committed 3968K, reserved 1048576K
}
Event: 33.139 GC heap before
{Heap before GC invocations=21 (full 2):
 PSYoungGen      total 24576K, used 24120K [0x00000000eab00000, 0x00000000ec580000, 0x0000000100000000)
  eden space 22016K, 100% used [0x00000000eab00000,0x00000000ec080000,0x00000000ec080000)
  from space 2560K, 82% used [0x00000000ec300000,0x00000000ec50e200,0x00000000ec580000)
  to   space 2560K, 0% used [0x00000000ec080000,0x00000000ec080000,0x00000000ec300000)
 ParOldGen       total 68608K, used 26327K [0x00000000c0000000, 0x00000000c4300000, 0x00000000eab00000)
  object space 68608K, 38% used [0x00000000c0000000,0x00000000c19b5f48,0x00000000c4300000)
 Metaspace       used 38187K, committed 39232K, reserved 1114112K
  class space    used 3903K, committed 4352K, reserved 1048576K
}
Event: 33.146 GC heap after
{Heap after GC invocations=21 (full 2):
 PSYoungGen      total 23552K, used 1222K [0x00000000eab00000, 0x00000000ec480000, 0x0000000100000000)
  eden space 22016K, 0% used [0x00000000eab00000,0x00000000eab00000,0x00000000ec080000)
  from space 1536K, 79% used [0x00000000ec080000,0x00000000ec1b1ba0,0x00000000ec200000)
  to   space 2048K, 0% used [0x00000000ec280000,0x00000000ec280000,0x00000000ec480000)
 ParOldGen       total 68608K, used 28376K [0x00000000c0000000, 0x00000000c4300000, 0x00000000eab00000)
  object space 68608K, 41% used [0x00000000c0000000,0x00000000c1bb6148,0x00000000c4300000)
 Metaspace       used 38187K, committed 39232K, reserved 1114112K
  class space    used 3903K, committed 4352K, reserved 1048576K
}
Event: 34.651 GC heap before
{Heap before GC invocations=22 (full 2):
 PSYoungGen      total 23552K, used 23238K [0x00000000eab00000, 0x00000000ec480000, 0x0000000100000000)
  eden space 22016K, 100% used [0x00000000eab00000,0x00000000ec080000,0x00000000ec080000)
  from space 1536K, 79% used [0x00000000ec080000,0x00000000ec1b1ba0,0x00000000ec200000)
  to   space 2048K, 0% used [0x00000000ec280000,0x00000000ec280000,0x00000000ec480000)
 ParOldGen       total 68608K, used 28376K [0x00000000c0000000, 0x00000000c4300000, 0x00000000eab00000)
  object space 68608K, 41% used [0x00000000c0000000,0x00000000c1bb6148,0x00000000c4300000)
 Metaspace       used 39114K, committed 40128K, reserved 1114112K
  class space    used 3970K, committed 4416K, reserved 1048576K
}
Event: 34.660 GC heap after
{Heap after GC invocations=22 (full 2):
 PSYoungGen      total 22016K, used 2045K [0x00000000eab00000, 0x00000000ec880000, 0x0000000100000000)
  eden space 19968K, 0% used [0x00000000eab00000,0x00000000eab00000,0x00000000ebe80000)
  from space 2048K, 99% used [0x00000000ec280000,0x00000000ec47f4b8,0x00000000ec480000)
  to   space 4096K, 0% used [0x00000000ebe80000,0x00000000ebe80000,0x00000000ec280000)
 ParOldGen       total 68608K, used 29676K [0x00000000c0000000, 0x00000000c4300000, 0x00000000eab00000)
  object space 68608K, 43% used [0x00000000c0000000,0x00000000c1cfb228,0x00000000c4300000)
 Metaspace       used 39114K, committed 40128K, reserved 1114112K
  class space    used 3970K, committed 4416K, reserved 1048576K
}
Event: 34.863 GC heap before
{Heap before GC invocations=23 (full 2):
 PSYoungGen      total 22016K, used 21905K [0x00000000eab00000, 0x00000000ec880000, 0x0000000100000000)
  eden space 19968K, 99% used [0x00000000eab00000,0x00000000ebe65008,0x00000000ebe80000)
  from space 2048K, 99% used [0x00000000ec280000,0x00000000ec47f4b8,0x00000000ec480000)
  to   space 4096K, 0% used [0x00000000ebe80000,0x00000000ebe80000,0x00000000ec280000)
 ParOldGen       total 68608K, used 29676K [0x00000000c0000000, 0x00000000c4300000, 0x00000000eab00000)
  object space 68608K, 43% used [0x00000000c0000000,0x00000000c1cfb228,0x00000000c4300000)
 Metaspace       used 39127K, committed 40128K, reserved 1114112K
  class space    used 3970K, committed 4416K, reserved 1048576K
}
Event: 34.869 GC heap after
{Heap after GC invocations=23 (full 2):
 PSYoungGen      total 20992K, used 840K [0x00000000eab00000, 0x00000000ec300000, 0x0000000100000000)
  eden space 19968K, 0% used [0x00000000eab00000,0x00000000eab00000,0x00000000ebe80000)
  from space 1024K, 82% used [0x00000000ebe80000,0x00000000ebf52300,0x00000000ebf80000)
  to   space 2048K, 0% used [0x00000000ec100000,0x00000000ec100000,0x00000000ec300000)
 ParOldGen       total 68608K, used 30998K [0x00000000c0000000, 0x00000000c4300000, 0x00000000eab00000)
  object space 68608K, 45% used [0x00000000c0000000,0x00000000c1e45998,0x00000000c4300000)
 Metaspace       used 39127K, committed 40128K, reserved 1114112K
  class space    used 3970K, committed 4416K, reserved 1048576K
}
Event: 64.608 GC heap before
{Heap before GC invocations=24 (full 2):
 PSYoungGen      total 20992K, used 20808K [0x00000000eab00000, 0x00000000ec300000, 0x0000000100000000)
  eden space 19968K, 100% used [0x00000000eab00000,0x00000000ebe80000,0x00000000ebe80000)
  from space 1024K, 82% used [0x00000000ebe80000,0x00000000ebf52300,0x00000000ebf80000)
  to   space 2048K, 0% used [0x00000000ec100000,0x00000000ec100000,0x00000000ec300000)
 ParOldGen       total 68608K, used 30998K [0x00000000c0000000, 0x00000000c4300000, 0x00000000eab00000)
  object space 68608K, 45% used [0x00000000c0000000,0x00000000c1e45998,0x00000000c4300000)
 Metaspace       used 41706K, committed 42688K, reserved 1114112K
  class space    used 4228K, committed 4672K, reserved 1048576K
}
Event: 64.686 GC heap after
{Heap after GC invocations=24 (full 2):
 PSYoungGen      total 20992K, used 512K [0x00000000eab00000, 0x00000000ec200000, 0x0000000100000000)
  eden space 19968K, 0% used [0x00000000eab00000,0x00000000eab00000,0x00000000ebe80000)
  from space 1024K, 50% used [0x00000000ec100000,0x00000000ec180020,0x00000000ec200000)
  to   space 1024K, 0% used [0x00000000ebe80000,0x00000000ebe80000,0x00000000ebf80000)
 ParOldGen       total 68608K, used 31014K [0x00000000c0000000, 0x00000000c4300000, 0x00000000eab00000)
  object space 68608K, 45% used [0x00000000c0000000,0x00000000c1e49998,0x00000000c4300000)
 Metaspace       used 41706K, committed 42688K, reserved 1114112K
  class space    used 4228K, committed 4672K, reserved 1048576K
}
Event: 112.393 GC heap before
{Heap before GC invocations=25 (full 2):
 PSYoungGen      total 20992K, used 20480K [0x00000000eab00000, 0x00000000ec200000, 0x0000000100000000)
  eden space 19968K, 100% used [0x00000000eab00000,0x00000000ebe80000,0x00000000ebe80000)
  from space 1024K, 50% used [0x00000000ec100000,0x00000000ec180020,0x00000000ec200000)
  to   space 1024K, 0% used [0x00000000ebe80000,0x00000000ebe80000,0x00000000ebf80000)
 ParOldGen       total 68608K, used 31014K [0x00000000c0000000, 0x00000000c4300000, 0x00000000eab00000)
  object space 68608K, 45% used [0x00000000c0000000,0x00000000c1e49998,0x00000000c4300000)
 Metaspace       used 42192K, committed 43136K, reserved 1114112K
  class space    used 4241K, committed 4672K, reserved 1048576K
}
Event: 112.444 GC heap after
{Heap after GC invocations=25 (full 2):
 PSYoungGen      total 20992K, used 512K [0x00000000eab00000, 0x00000000ec180000, 0x0000000100000000)
  eden space 19968K, 0% used [0x00000000eab00000,0x00000000eab00000,0x00000000ebe80000)
  from space 1024K, 50% used [0x00000000ebe80000,0x00000000ebf00000,0x00000000ebf80000)
  to   space 1024K, 0% used [0x00000000ec080000,0x00000000ec080000,0x00000000ec180000)
 ParOldGen       total 68608K, used 31419K [0x00000000c0000000, 0x00000000c4300000, 0x00000000eab00000)
  object space 68608K, 45% used [0x00000000c0000000,0x00000000c1eaec38,0x00000000c4300000)
 Metaspace       used 42192K, committed 43136K, reserved 1114112K
  class space    used 4241K, committed 4672K, reserved 1048576K
}
Event: 172.210 GC heap before
{Heap before GC invocations=26 (full 2):
 PSYoungGen      total 20992K, used 20480K [0x00000000eab00000, 0x00000000ec180000, 0x0000000100000000)
  eden space 19968K, 100% used [0x00000000eab00000,0x00000000ebe80000,0x00000000ebe80000)
  from space 1024K, 50% used [0x00000000ebe80000,0x00000000ebf00000,0x00000000ebf80000)
  to   space 1024K, 0% used [0x00000000ec080000,0x00000000ec080000,0x00000000ec180000)
 ParOldGen       total 68608K, used 31419K [0x00000000c0000000, 0x00000000c4300000, 0x00000000eab00000)
  object space 68608K, 45% used [0x00000000c0000000,0x00000000c1eaec38,0x00000000c4300000)
 Metaspace       used 42619K, committed 43648K, reserved 1114112K
  class space    used 4264K, committed 4672K, reserved 1048576K
}
Event: 172.292 GC heap after
{Heap after GC invocations=26 (full 2):
 PSYoungGen      total 20992K, used 512K [0x00000000eab00000, 0x00000000ec180000, 0x0000000100000000)
  eden space 19968K, 0% used [0x00000000eab00000,0x00000000eab00000,0x00000000ebe80000)
  from space 1024K, 50% used [0x00000000ec080000,0x00000000ec100020,0x00000000ec180000)
  to   space 1024K, 0% used [0x00000000ebe80000,0x00000000ebe80000,0x00000000ebf80000)
 ParOldGen       total 68608K, used 31551K [0x00000000c0000000, 0x00000000c4300000, 0x00000000eab00000)
  object space 68608K, 45% used [0x00000000c0000000,0x00000000c1ecfc88,0x00000000c4300000)
 Metaspace       used 42619K, committed 43648K, reserved 1114112K
  class space    used 4264K, committed 4672K, reserved 1048576K
}
Event: 199.192 GC heap before
{Heap before GC invocations=27 (full 2):
 PSYoungGen      total 20992K, used 20480K [0x00000000eab00000, 0x00000000ec180000, 0x0000000100000000)
  eden space 19968K, 100% used [0x00000000eab00000,0x00000000ebe80000,0x00000000ebe80000)
  from space 1024K, 50% used [0x00000000ec080000,0x00000000ec100020,0x00000000ec180000)
  to   space 1024K, 0% used [0x00000000ebe80000,0x00000000ebe80000,0x00000000ebf80000)
 ParOldGen       total 68608K, used 31551K [0x00000000c0000000, 0x00000000c4300000, 0x00000000eab00000)
  object space 68608K, 45% used [0x00000000c0000000,0x00000000c1ecfc88,0x00000000c4300000)
 Metaspace       used 44170K, committed 45184K, reserved 1114112K
  class space    used 4417K, committed 4864K, reserved 1048576K
}
Event: 199.305 GC heap after
{Heap after GC invocations=27 (full 2):
 PSYoungGen      total 20992K, used 864K [0x00000000eab00000, 0x00000000ec100000, 0x0000000100000000)
  eden space 19968K, 0% used [0x00000000eab00000,0x00000000eab00000,0x00000000ebe80000)
  from space 1024K, 84% used [0x00000000ebe80000,0x00000000ebf58020,0x00000000ebf80000)
  to   space 1024K, 0% used [0x00000000ec000000,0x00000000ec000000,0x00000000ec100000)
 ParOldGen       total 68608K, used 31719K [0x00000000c0000000, 0x00000000c4300000, 0x00000000eab00000)
  object space 68608K, 46% used [0x00000000c0000000,0x00000000c1ef9ca8,0x00000000c4300000)
 Metaspace       used 44170K, committed 45184K, reserved 1114112K
  class space    used 4417K, committed 4864K, reserved 1048576K
}
Event: 324.173 GC heap before
{Heap before GC invocations=28 (full 2):
 PSYoungGen      total 20992K, used 20439K [0x00000000eab00000, 0x00000000ec100000, 0x0000000100000000)
  eden space 19968K, 98% used [0x00000000eab00000,0x00000000ebe1dd00,0x00000000ebe80000)
  from space 1024K, 84% used [0x00000000ebe80000,0x00000000ebf58020,0x00000000ebf80000)
  to   space 1024K, 0% used [0x00000000ec000000,0x00000000ec000000,0x00000000ec100000)
 ParOldGen       total 68608K, used 31719K [0x00000000c0000000, 0x00000000c4300000, 0x00000000eab00000)
  object space 68608K, 46% used [0x00000000c0000000,0x00000000c1ef9ca8,0x00000000c4300000)
 Metaspace       used 44569K, committed 45632K, reserved 1114112K
  class space    used 4436K, committed 4864K, reserved 1048576K
}
Event: 324.240 GC heap after
{Heap after GC invocations=28 (full 2):
 PSYoungGen      total 20480K, used 993K [0x00000000eab00000, 0x00000000ec280000, 0x0000000100000000)
  eden space 19456K, 0% used [0x00000000eab00000,0x00000000eab00000,0x00000000ebe00000)
  from space 1024K, 97% used [0x00000000ec000000,0x00000000ec0f8618,0x00000000ec100000)
  to   space 2048K, 0% used [0x00000000ebe00000,0x00000000ebe00000,0x00000000ec000000)
 ParOldGen       total 68608K, used 32527K [0x00000000c0000000, 0x00000000c4300000, 0x00000000eab00000)
  object space 68608K, 47% used [0x00000000c0000000,0x00000000c1fc3cd8,0x00000000c4300000)
 Metaspace       used 44569K, committed 45632K, reserved 1114112K
  class space    used 4436K, committed 4864K, reserved 1048576K
}
Event: 325.793 GC heap before
{Heap before GC invocations=29 (full 2):
 PSYoungGen      total 20480K, used 20024K [0x00000000eab00000, 0x00000000ec280000, 0x0000000100000000)
  eden space 19456K, 97% used [0x00000000eab00000,0x00000000ebd95b18,0x00000000ebe00000)
  from space 1024K, 97% used [0x00000000ec000000,0x00000000ec0f8618,0x00000000ec100000)
  to   space 2048K, 0% used [0x00000000ebe00000,0x00000000ebe00000,0x00000000ec000000)
 ParOldGen       total 68608K, used 32527K [0x00000000c0000000, 0x00000000c4300000, 0x00000000eab00000)
  object space 68608K, 47% used [0x00000000c0000000,0x00000000c1fc3cd8,0x00000000c4300000)
 Metaspace       used 44666K, committed 45696K, reserved 1114112K
  class space    used 4440K, committed 4864K, reserved 1048576K
}
Event: 325.808 GC heap after
{Heap after GC invocations=29 (full 2):
 PSYoungGen      total 21504K, used 2039K [0x00000000eab00000, 0x00000000ec900000, 0x0000000100000000)
  eden space 19456K, 0% used [0x00000000eab00000,0x00000000eab00000,0x00000000ebe00000)
  from space 2048K, 99% used [0x00000000ebe00000,0x00000000ebffdc38,0x00000000ec000000)
  to   space 5632K, 0% used [0x00000000ec380000,0x00000000ec380000,0x00000000ec900000)
 ParOldGen       total 68608K, used 35135K [0x00000000c0000000, 0x00000000c4300000, 0x00000000eab00000)
  object space 68608K, 51% used [0x00000000c0000000,0x00000000c224fcf8,0x00000000c4300000)
 Metaspace       used 44666K, committed 45696K, reserved 1114112K
  class space    used 4440K, committed 4864K, reserved 1048576K
}

Dll operation events (11 events):
Event: 0.042 Loaded shared library C:\Program Files\Java\jdk-22\bin\java.dll
Event: 0.137 Loaded shared library C:\Program Files\Java\jdk-22\bin\jsvml.dll
Event: 0.620 Loaded shared library C:\Program Files\Java\jdk-22\bin\zip.dll
Event: 0.700 Loaded shared library C:\Program Files\Java\jdk-22\bin\instrument.dll
Event: 0.718 Loaded shared library C:\Program Files\Java\jdk-22\bin\net.dll
Event: 0.727 Loaded shared library C:\Program Files\Java\jdk-22\bin\nio.dll
Event: 0.735 Loaded shared library C:\Program Files\Java\jdk-22\bin\zip.dll
Event: 1.277 Loaded shared library C:\Program Files\Java\jdk-22\bin\jimage.dll
Event: 2.044 Loaded shared library C:\Program Files\Java\jdk-22\bin\verify.dll
Event: 8.078 Loaded shared library C:\Users\Alcielma\AppData\Roaming\Code\User\globalStorage\redhat.java\1.39.0\config_ss_win\org.eclipse.equinox.launcher\org.eclipse.equinox.launcher.win32.win32.x86_64_1.2.1100.v20240722-2106\eclipse_11904.dll
Event: 12.013 Loaded shared library C:\Users\Alcielma\AppData\Local\Temp\jna-1614043628\jna15650494828296982465.dll

Deoptimization events (20 events):
Event: 324.927 Thread 0x00000223222f6d20 Uncommon trap: trap_request=0xffffff45 fr.pc=0x00000222d13f04f4 relative=0x0000000000000314
Event: 324.927 Thread 0x00000223222f6d20 Uncommon trap: reason=unstable_if action=reinterpret pc=0x00000222d13f04f4 method=java.util.HashMap.getNode(Ljava/lang/Object;)Ljava/util/HashMap$Node; @ 131 c2
Event: 324.928 Thread 0x00000223222f6d20 DEOPT PACKING pc=0x00000222d13f04f4 sp=0x00000050cc3fcfb0
Event: 324.928 Thread 0x00000223222f6d20 DEOPT UNPACKING pc=0x00000222d0d53aa2 sp=0x00000050cc3fcec8 mode 2
Event: 324.929 Thread 0x00000223222f6d20 Uncommon trap: trap_request=0xffffff45 fr.pc=0x00000222d134b328 relative=0x00000000000001e8
Event: 324.929 Thread 0x00000223222f6d20 Uncommon trap: reason=unstable_if action=reinterpret pc=0x00000222d134b328 method=java.util.HashMap.getNode(Ljava/lang/Object;)Ljava/util/HashMap$Node; @ 131 c2
Event: 324.929 Thread 0x00000223222f6d20 DEOPT PACKING pc=0x00000222d134b328 sp=0x00000050cc3fcf40
Event: 324.929 Thread 0x00000223222f6d20 DEOPT UNPACKING pc=0x00000222d0d53aa2 sp=0x00000050cc3fcec0 mode 2
Event: 325.216 Thread 0x00000223222f6d20 Uncommon trap: trap_request=0xffffff45 fr.pc=0x00000222d14e8478 relative=0x0000000000000618
Event: 325.216 Thread 0x00000223222f6d20 Uncommon trap: reason=unstable_if action=reinterpret pc=0x00000222d14e8478 method=org.eclipse.jdt.internal.compiler.util.CharDeduplication.sharedCopyOfRange([CII)[C @ 147 c2
Event: 325.216 Thread 0x00000223222f6d20 DEOPT PACKING pc=0x00000222d14e8478 sp=0x00000050cc3fd180
Event: 325.216 Thread 0x00000223222f6d20 DEOPT UNPACKING pc=0x00000222d0d53aa2 sp=0x00000050cc3fd100 mode 2
Event: 325.297 Thread 0x00000223222f6d20 DEOPT PACKING pc=0x00000222ca71fab2 sp=0x00000050cc3fce10
Event: 325.297 Thread 0x00000223222f6d20 DEOPT UNPACKING pc=0x00000222d0d54242 sp=0x00000050cc3fc3b8 mode 0
Event: 325.308 Thread 0x00000223222f6d20 Uncommon trap: trap_request=0xffffff45 fr.pc=0x00000222d152ccd4 relative=0x0000000000005894
Event: 325.309 Thread 0x00000223222f6d20 Uncommon trap: reason=unstable_if action=reinterpret pc=0x00000222d152ccd4 method=org.eclipse.jdt.internal.compiler.lookup.BinaryTypeBinding.createMethod(Lorg/eclipse/jdt/internal/compiler/env/IBinaryMethod;Lorg/eclipse/jdt/internal/compiler/env/IBinaryTy
Event: 325.309 Thread 0x00000223222f6d20 DEOPT PACKING pc=0x00000222d152ccd4 sp=0x00000050cc3fd5e0
Event: 325.309 Thread 0x00000223222f6d20 DEOPT UNPACKING pc=0x00000222d0d53aa2 sp=0x00000050cc3fd560 mode 2
Event: 325.582 Thread 0x00000223222f6d20 DEOPT PACKING pc=0x00000222c97e9f95 sp=0x00000050cc3fcfa0
Event: 325.582 Thread 0x00000223222f6d20 DEOPT UNPACKING pc=0x00000222d0d54242 sp=0x00000050cc3fc3b0 mode 0

Classes loaded (20 events):
Event: 183.162 Loading class java/util/stream/DistinctOps$1
Event: 183.186 Loading class java/util/stream/DistinctOps$1 done
Event: 183.212 Loading class java/util/stream/DistinctOps$1$2
Event: 183.218 Loading class java/util/stream/DistinctOps$1$2 done
Event: 183.800 Loading class java/util/zip/CheckedInputStream
Event: 183.812 Loading class java/util/zip/CheckedInputStream done
Event: 186.179 Loading class java/nio/file/Files$2
Event: 186.180 Loading class java/nio/file/Files$2 done
Event: 186.267 Loading class java/util/concurrent/ArrayBlockingQueue
Event: 186.317 Loading class java/util/concurrent/ArrayBlockingQueue done
Event: 325.976 Loading class java/util/stream/ReferencePipeline$4
Event: 325.984 Loading class java/util/stream/ReferencePipeline$4 done
Event: 326.010 Loading class java/util/stream/Nodes$IntFixedNodeBuilder
Event: 326.015 Loading class java/util/stream/Node$Builder$OfInt
Event: 326.030 Loading class java/util/stream/Node$Builder$OfInt done
Event: 326.030 Loading class java/util/stream/Nodes$IntArrayNode
Event: 326.034 Loading class java/util/stream/Nodes$IntArrayNode done
Event: 326.036 Loading class java/util/stream/Nodes$IntFixedNodeBuilder done
Event: 326.040 Loading class java/util/stream/ReferencePipeline$4$1
Event: 326.043 Loading class java/util/stream/ReferencePipeline$4$1 done

Classes unloaded (7 events):
Event: 14.767 Thread 0x00000222da8e3750 Unloading class 0x00000222dc184800 'java/lang/invoke/LambdaForm$MH+0x00000222dc184800'
Event: 14.767 Thread 0x00000222da8e3750 Unloading class 0x00000222dc184400 'java/lang/invoke/LambdaForm$MH+0x00000222dc184400'
Event: 14.767 Thread 0x00000222da8e3750 Unloading class 0x00000222dc184000 'java/lang/invoke/LambdaForm$MH+0x00000222dc184000'
Event: 14.767 Thread 0x00000222da8e3750 Unloading class 0x00000222dc183c00 'java/lang/invoke/LambdaForm$MH+0x00000222dc183c00'
Event: 14.767 Thread 0x00000222da8e3750 Unloading class 0x00000222dc183800 'java/lang/invoke/LambdaForm$BMH+0x00000222dc183800'
Event: 14.767 Thread 0x00000222da8e3750 Unloading class 0x00000222dc183400 'java/lang/invoke/LambdaForm$DMH+0x00000222dc183400'
Event: 14.767 Thread 0x00000222da8e3750 Unloading class 0x00000222dc182000 'java/lang/invoke/LambdaForm$DMH+0x00000222dc182000'

Classes redefined (0 events):
No events

Internal exceptions (20 events):
Event: 31.630 Thread 0x00000223215f6140 Exception <a 'java/io/FileNotFoundException'{0x00000000eb8776f0}> (0x00000000eb8776f0) 
thrown [s\open\src\hotspot\share\prims\jni.cpp, line 520]
Event: 31.631 Thread 0x00000223215f6140 Exception <a 'java/io/FileNotFoundException'{0x00000000eb8789f8}> (0x00000000eb8789f8) 
thrown [s\open\src\hotspot\share\prims\jni.cpp, line 520]
Event: 31.634 Thread 0x00000223215f6140 Exception <a 'java/io/FileNotFoundException'{0x00000000eb8797b8}> (0x00000000eb8797b8) 
thrown [s\open\src\hotspot\share\prims\jni.cpp, line 520]
Event: 32.384 Thread 0x00000223222f6690 Exception <a 'java/lang/IncompatibleClassChangeError'{0x00000000ebb37858}: Found class java.lang.Object, but interface was expected> (0x00000000ebb37858) 
thrown [s\open\src\hotspot\share\interpreter\linkResolver.cpp, line 841]
Event: 33.766 Thread 0x00000223215f6e60 Exception <a 'java/lang/NoSuchMethodError'{0x00000000eacf75a0}: 'int java.lang.invoke.DirectMethodHandle$Holder.invokeSpecialIFC(java.lang.Object, java.lang.Object, java.lang.Object)'> (0x00000000eacf75a0) 
thrown [s\open\src\hotspot\share\interpreter\linkResolver.cpp, line 774]
Event: 33.929 Thread 0x00000223222f6690 Exception <a 'java/lang/IncompatibleClassChangeError'{0x00000000eae06070}: Found class java.lang.Object, but interface was expected> (0x00000000eae06070) 
thrown [s\open\src\hotspot\share\interpreter\linkResolver.cpp, line 841]
Event: 34.124 Thread 0x00000223222f4c50 Exception <a 'java/lang/NoSuchMethodError'{0x00000000eb1b6ae0}: 'int java.lang.invoke.Invokers$Holder.invokeExact_MT(java.lang.Object, java.lang.Object)'> (0x00000000eb1b6ae0) 
thrown [s\open\src\hotspot\share\interpreter\linkResolver.cpp, line 774]
Event: 34.309 Thread 0x00000223222f4c50 Exception <a 'java/lang/NoSuchMethodError'{0x00000000eb318f48}: 'int java.lang.invoke.DirectMethodHandle$Holder.invokeInterface(java.lang.Object, java.lang.Object)'> (0x00000000eb318f48) 
thrown [s\open\src\hotspot\share\interpreter\linkResolver.cpp, line 774]
Event: 34.310 Thread 0x00000223222f4c50 Exception <a 'java/lang/IncompatibleClassChangeError'{0x00000000eb31c208}: Found class java.lang.Object, but interface was expected> (0x00000000eb31c208) 
thrown [s\open\src\hotspot\share\interpreter\linkResolver.cpp, line 841]
Event: 36.575 Thread 0x00000223222f6690 Exception <a 'java/lang/IncompatibleClassChangeError'{0x00000000eb3e18e8}: Found class java.lang.Object, but interface was expected> (0x00000000eb3e18e8) 
thrown [s\open\src\hotspot\share\interpreter\linkResolver.cpp, line 841]
Event: 36.744 Thread 0x00000223222f6d20 Exception <a 'java/lang/NoSuchMethodError'{0x00000000eb550d68}: 'java.lang.Object java.lang.invoke.DirectMethodHandle$Holder.invokeStatic(java.lang.Object, int, java.lang.Object)'> (0x00000000eb550d68) 
thrown [s\open\src\hotspot\share\interpreter\linkResolver.cpp, line 774]
Event: 39.713 Thread 0x00000223222f6690 Exception <a 'java/lang/IncompatibleClassChangeError'{0x00000000eb57d780}: Found class java.lang.Object, but interface was expected> (0x00000000eb57d780) 
thrown [s\open\src\hotspot\share\interpreter\linkResolver.cpp, line 841]
Event: 60.354 Thread 0x00000223222f6690 Exception <a 'java/lang/ClassNotFoundException'{0x00000000ebdce4d8}: sun/util/logging/resources/spi/loggingProvider> (0x00000000ebdce4d8) 
thrown [s\open\src\hotspot\share\classfile\systemDictionary.cpp, line 313]
Event: 137.243 Thread 0x00000223222f6690 Exception <a 'java/lang/IncompatibleClassChangeError'{0x00000000eab7de88}: Found class java.lang.Object, but interface was expected> (0x00000000eab7de88) 
thrown [s\open\src\hotspot\share\interpreter\linkResolver.cpp, line 841]
Event: 138.525 Thread 0x00000223222f4c50 Exception <a 'java/lang/ArrayIndexOutOfBoundsException'{0x00000000eabb7140}> (0x00000000eabb7140) 
thrown [s\open\src\hotspot\share\runtime\sharedRuntime.cpp, line 628]
Event: 157.869 Thread 0x00000223222f6690 Exception <a 'java/lang/IncompatibleClassChangeError'{0x00000000eb4de4c0}: Found class java.lang.Object, but interface was expected> (0x00000000eb4de4c0) 
thrown [s\open\src\hotspot\share\interpreter\linkResolver.cpp, line 841]
Event: 181.179 Thread 0x00000223222f6690 Exception <a 'java/io/FileNotFoundException'{0x00000000eac29ab8}> (0x00000000eac29ab8) 
thrown [s\open\src\hotspot\share\prims\jni.cpp, line 520]
Event: 181.183 Thread 0x00000223222f6690 Exception <a 'java/io/FileNotFoundException'{0x00000000eac2adb0}> (0x00000000eac2adb0) 
thrown [s\open\src\hotspot\share\prims\jni.cpp, line 520]
Event: 181.186 Thread 0x00000223222f6690 Exception <a 'java/io/FileNotFoundException'{0x00000000eac2be20}> (0x00000000eac2be20) 
thrown [s\open\src\hotspot\share\prims\jni.cpp, line 520]
Event: 187.318 Thread 0x00000223222f4c50 Exception <a 'java/lang/ArrayIndexOutOfBoundsException'{0x00000000eb3721a8}> (0x00000000eb3721a8) 
thrown [s\open\src\hotspot\share\runtime\sharedRuntime.cpp, line 628]

ZGC Phase Switch (0 events):
No events

VM Operations (20 events):
Event: 316.418 Executing VM operation: Cleanup
Event: 316.855 Executing VM operation: Cleanup done
Event: 317.856 Executing VM operation: Cleanup
Event: 317.903 Executing VM operation: Cleanup done
Event: 318.907 Executing VM operation: Cleanup
Event: 318.924 Executing VM operation: Cleanup done
Event: 319.939 Executing VM operation: Cleanup
Event: 320.357 Executing VM operation: Cleanup done
Event: 321.366 Executing VM operation: Cleanup
Event: 321.429 Executing VM operation: Cleanup done
Event: 322.311 Executing VM operation: HandshakeAllThreads (Deoptimize)
Event: 322.312 Executing VM operation: HandshakeAllThreads (Deoptimize) done
Event: 323.319 Executing VM operation: Cleanup
Event: 323.365 Executing VM operation: Cleanup done
Event: 324.172 Executing VM operation: ParallelGCFailedAllocation (Allocation Failure)
Event: 324.240 Executing VM operation: ParallelGCFailedAllocation (Allocation Failure) done
Event: 325.253 Executing VM operation: Cleanup
Event: 325.284 Executing VM operation: Cleanup done
Event: 325.793 Executing VM operation: ParallelGCFailedAllocation (Allocation Failure)
Event: 325.808 Executing VM operation: ParallelGCFailedAllocation (Allocation Failure) done

Memory protections (0 events):
No events

Nmethod flushes (20 events):
Event: 28.215 Thread 0x00000222da8e3750 flushing  nmethod 0x00000222c9ad8190
Event: 28.215 Thread 0x00000222da8e3750 flushing  nmethod 0x00000222c9adb210
Event: 28.215 Thread 0x00000222da8e3750 flushing  nmethod 0x00000222c9adcc90
Event: 28.215 Thread 0x00000222da8e3750 flushing  nmethod 0x00000222c9add090
Event: 28.215 Thread 0x00000222da8e3750 flushing  nmethod 0x00000222c9afd490
Event: 28.215 Thread 0x00000222da8e3750 flushing  nmethod 0x00000222c9b20b10
Event: 28.215 Thread 0x00000222da8e3750 flushing  nmethod 0x00000222c9b30610
Event: 28.215 Thread 0x00000222da8e3750 flushing  nmethod 0x00000222c9b39690
Event: 28.215 Thread 0x00000222da8e3750 flushing  nmethod 0x00000222c9b99a90
Event: 28.215 Thread 0x00000222da8e3750 flushing  nmethod 0x00000222c9bf2010
Event: 28.215 Thread 0x00000222da8e3750 flushing  nmethod 0x00000222c9bf2410
Event: 28.215 Thread 0x00000222da8e3750 flushing  nmethod 0x00000222c9c3f210
Event: 28.215 Thread 0x00000222da8e3750 flushing  nmethod 0x00000222c9c59810
Event: 28.215 Thread 0x00000222da8e3750 flushing  nmethod 0x00000222c9c59b10
Event: 28.215 Thread 0x00000222da8e3750 flushing  nmethod 0x00000222c9c5c090
Event: 28.215 Thread 0x00000222da8e3750 flushing  nmethod 0x00000222c9c80390
Event: 28.215 Thread 0x00000222da8e3750 flushing  nmethod 0x00000222c9c80790
Event: 28.215 Thread 0x00000222da8e3750 flushing  nmethod 0x00000222c9c86610
Event: 28.215 Thread 0x00000222da8e3750 flushing  nmethod 0x00000222c9cac410
Event: 28.215 Thread 0x00000222da8e3750 flushing  nmethod 0x00000222c9cc1190

Events (20 events):
Event: 18.721 Thread 0x00000222bf334b60 Thread added: 0x00000223215f4700
Event: 18.721 Thread 0x00000222bf334b60 Thread added: 0x00000223215f5420
Event: 18.721 Thread 0x00000222bf334b60 Thread added: 0x00000223215f74f0
Event: 18.789 Thread 0x00000222bf334b60 Thread added: 0x00000223215f4070
Event: 20.639 Thread 0x00000222bf334b60 Thread added: 0x00000223222f5970
Event: 20.640 Thread 0x00000222bf334b60 Thread added: 0x00000223222f6690
Event: 29.595 Thread 0x00000223215f6140 Thread added: 0x00000223222f80d0
Event: 32.401 Thread 0x00000223222f6690 Thread added: 0x00000223222f4c50
Event: 35.612 Thread 0x00000223222f6690 Thread added: 0x00000223222f6d20
Event: 132.930 Thread 0x00000223222f6d20 Thread exited: 0x00000223222f6d20
Event: 143.409 Thread 0x00000223222f80d0 Thread exited: 0x00000223222f80d0
Event: 150.563 Thread 0x00000223222f6690 Thread added: 0x00000223222f80d0
Event: 185.811 Thread 0x00000223215f6140 Thread added: 0x00000223222f6000
Event: 186.338 Thread 0x00000223215f6140 Thread added: 0x00000223222f6d20
Event: 239.857 Thread 0x00000223222f4c50 Thread exited: 0x00000223222f4c50
Event: 246.788 Thread 0x00000223222f6d20 Thread exited: 0x00000223222f6d20
Event: 259.801 Thread 0x00000223222f80d0 Thread exited: 0x00000223222f80d0
Event: 262.061 Thread 0x00000223222f6690 Thread added: 0x00000223222f80d0
Event: 282.389 Thread 0x00000223222f80d0 Thread exited: 0x00000223222f80d0
Event: 299.842 Thread 0x00000223222f6690 Thread added: 0x00000223222f6d20


Dynamic libraries:
0x00007ff627bf0000 - 0x00007ff627c00000 	C:\Program Files\Java\jdk-22\bin\java.exe
0x00007ffabe730000 - 0x00007ffabe928000 	C:\Windows\SYSTEM32\ntdll.dll
0x00007ffabce60000 - 0x00007ffabcf22000 	C:\Windows\System32\KERNEL32.DLL
0x00007ffabc1f0000 - 0x00007ffabc4ef000 	C:\Windows\System32\KERNELBASE.dll
0x00007ffabbf90000 - 0x00007ffabc090000 	C:\Windows\System32\ucrtbase.dll
0x00007ffa8fa80000 - 0x00007ffa8fa97000 	C:\Program Files\Java\jdk-22\bin\jli.dll
0x00007ffabe410000 - 0x00007ffabe5ad000 	C:\Windows\System32\USER32.dll
0x00007ffabbf60000 - 0x00007ffabbf82000 	C:\Windows\System32\win32u.dll
0x00007ffabcbd0000 - 0x00007ffabcbfb000 	C:\Windows\System32\GDI32.dll
0x00007ffabc590000 - 0x00007ffabc6aa000 	C:\Windows\System32\gdi32full.dll
0x00007ffabc4f0000 - 0x00007ffabc58d000 	C:\Windows\System32\msvcp_win.dll
0x00007ffab5c10000 - 0x00007ffab5c2b000 	C:\Program Files\Java\jdk-22\bin\VCRUNTIME140.dll
0x00007ffaa4040000 - 0x00007ffaa42da000 	C:\Windows\WinSxS\amd64_microsoft.windows.common-controls_6595b64144ccf1df_6.0.19041.4355_none_60b8b9eb71f62e16\COMCTL32.dll
0x00007ffabcc00000 - 0x00007ffabcc9e000 	C:\Windows\System32\msvcrt.dll
0x00007ffabce30000 - 0x00007ffabce5f000 	C:\Windows\System32\IMM32.DLL
0x00007ffab6310000 - 0x00007ffab631c000 	C:\Program Files\Java\jdk-22\bin\vcruntime140_1.dll
0x00007ffa8d890000 - 0x00007ffa8d91e000 	C:\Program Files\Java\jdk-22\bin\msvcp140.dll
0x00007ffa53270000 - 0x00007ffa53fb9000 	C:\Program Files\Java\jdk-22\bin\server\jvm.dll
0x00007ffabdf20000 - 0x00007ffabdfcf000 	C:\Windows\System32\ADVAPI32.dll
0x00007ffabd250000 - 0x00007ffabd2ef000 	C:\Windows\System32\sechost.dll
0x00007ffabcd00000 - 0x00007ffabce23000 	C:\Windows\System32\RPCRT4.dll
0x00007ffabc6b0000 - 0x00007ffabc6d7000 	C:\Windows\System32\bcrypt.dll
0x00007ffabd460000 - 0x00007ffabd4cb000 	C:\Windows\System32\WS2_32.dll
0x00007ffabbc30000 - 0x00007ffabbc7b000 	C:\Windows\SYSTEM32\POWRPROF.dll
0x00007ffaa3350000 - 0x00007ffaa3377000 	C:\Windows\SYSTEM32\WINMM.dll
0x00007ffab3c40000 - 0x00007ffab3c4a000 	C:\Windows\SYSTEM32\VERSION.dll
0x00007ffabbc10000 - 0x00007ffabbc22000 	C:\Windows\SYSTEM32\UMPDC.dll
0x00007ffaba5b0000 - 0x00007ffaba5c2000 	C:\Windows\SYSTEM32\kernel.appcore.dll
0x00007ffab60f0000 - 0x00007ffab60fa000 	C:\Program Files\Java\jdk-22\bin\jimage.dll
0x00007ffab9b00000 - 0x00007ffab9ce4000 	C:\Windows\SYSTEM32\DBGHELP.DLL
0x00007ffa9cc90000 - 0x00007ffa9ccc4000 	C:\Windows\SYSTEM32\dbgcore.DLL
0x00007ffabbdd0000 - 0x00007ffabbe52000 	C:\Windows\System32\bcryptPrimitives.dll
0x00007ffab66d0000 - 0x00007ffab66df000 	C:\Program Files\Java\jdk-22\bin\instrument.dll
0x00007ffab3cc0000 - 0x00007ffab3cde000 	C:\Program Files\Java\jdk-22\bin\java.dll
0x00007ffabd600000 - 0x00007ffabdd6d000 	C:\Windows\System32\SHELL32.dll
0x00007ffabd4d0000 - 0x00007ffabd5fb000 	C:\Windows\System32\ole32.dll
0x00007ffabdfd0000 - 0x00007ffabe325000 	C:\Windows\System32\combase.dll
0x00007ffab9df0000 - 0x00007ffaba594000 	C:\Windows\SYSTEM32\windows.storage.dll
0x00007ffabb650000 - 0x00007ffabb67f000 	C:\Windows\SYSTEM32\Wldp.dll
0x00007ffabcfd0000 - 0x00007ffabd09d000 	C:\Windows\System32\OLEAUT32.dll
0x00007ffabe330000 - 0x00007ffabe3dd000 	C:\Windows\System32\SHCORE.dll
0x00007ffabd3a0000 - 0x00007ffabd3f5000 	C:\Windows\System32\shlwapi.dll
0x00007ffabbd00000 - 0x00007ffabbd24000 	C:\Windows\SYSTEM32\profapi.dll
0x00007ffa8d920000 - 0x00007ffa8d9f7000 	C:\Program Files\Java\jdk-22\bin\jsvml.dll
0x00007ffab3580000 - 0x00007ffab3597000 	C:\Program Files\Java\jdk-22\bin\zip.dll
0x00007ffab5d30000 - 0x00007ffab5d40000 	C:\Program Files\Java\jdk-22\bin\net.dll
0x00007ffabb430000 - 0x00007ffabb49c000 	C:\Windows\system32\mswsock.dll
0x00007ffab35c0000 - 0x00007ffab35d6000 	C:\Program Files\Java\jdk-22\bin\nio.dll
0x00007ffab5c00000 - 0x00007ffab5c10000 	C:\Program Files\Java\jdk-22\bin\verify.dll
0x00007ffaa6e90000 - 0x00007ffaa6ed5000 	C:\Users\Alcielma\AppData\Roaming\Code\User\globalStorage\redhat.java\1.39.0\config_ss_win\org.eclipse.equinox.launcher\org.eclipse.equinox.launcher.win32.win32.x86_64_1.2.1100.v20240722-2106\eclipse_11904.dll
0x00007ffabb9a0000 - 0x00007ffabb9b8000 	C:\Windows\SYSTEM32\CRYPTSP.dll
0x00007ffabad70000 - 0x00007ffabada4000 	C:\Windows\system32\rsaenh.dll
0x00007ffabbcc0000 - 0x00007ffabbcee000 	C:\Windows\SYSTEM32\USERENV.dll
0x00007ffabb5c0000 - 0x00007ffabb5cc000 	C:\Windows\SYSTEM32\CRYPTBASE.dll
0x00007ffabb130000 - 0x00007ffabb16b000 	C:\Windows\SYSTEM32\IPHLPAPI.DLL
0x00007ffabe400000 - 0x00007ffabe408000 	C:\Windows\System32\NSI.dll
0x00007ffa90730000 - 0x00007ffa90779000 	C:\Users\Alcielma\AppData\Local\Temp\jna-1614043628\jna15650494828296982465.dll
0x00007ffabcfc0000 - 0x00007ffabcfc8000 	C:\Windows\System32\PSAPI.DLL
0x00007ffab4020000 - 0x00007ffab412a000 	C:\Windows\SYSTEM32\winhttp.dll
0x00007ffab4740000 - 0x00007ffab4757000 	C:\Windows\SYSTEM32\dhcpcsvc6.DLL
0x00007ffab4b10000 - 0x00007ffab4b2d000 	C:\Windows\SYSTEM32\dhcpcsvc.DLL

dbghelp: loaded successfully - version: 4.0.5 - missing functions: none
symbol engine: initialized successfully - sym options: 0x614 - pdb path: .;C:\Program Files\Java\jdk-22\bin;C:\Windows\SYSTEM32;C:\Windows\WinSxS\amd64_microsoft.windows.common-controls_6595b64144ccf1df_6.0.19041.4355_none_60b8b9eb71f62e16;C:\Program Files\Java\jdk-22\bin\server;C:\Users\Alcielma\AppData\Roaming\Code\User\globalStorage\redhat.java\1.39.0\config_ss_win\org.eclipse.equinox.launcher\org.eclipse.equinox.launcher.win32.win32.x86_64_1.2.1100.v20240722-2106;C:\Users\Alcielma\AppData\Local\Temp\jna-1614043628

VM Arguments:
jvm_args: --add-modules=ALL-SYSTEM --add-opens=java.base/java.util=ALL-UNNAMED --add-opens=java.base/java.lang=ALL-UNNAMED --add-opens=java.base/sun.nio.fs=ALL-UNNAMED -Declipse.application=org.eclipse.jdt.ls.core.id1 -Dosgi.bundles.defaultStartLevel=4 -Declipse.product=org.eclipse.jdt.ls.core.product -Djava.import.generatesMetadataFilesAtProjectRoot=false -DDetectVMInstallationsJob.disabled=true -Dfile.encoding=utf8 -XX:+UseParallelGC -XX:GCTimeRatio=4 -XX:AdaptiveSizePolicyWeight=90 -Dsun.zip.disableMemoryMapping=true -Xmx1G -Xms100m -Xlog:disable -javaagent:c:\Users\Alcielma\.vscode\extensions\redhat.java-1.39.0-win32-x64\lombok\lombok-1.18.34.jar 
java_command: c:\Users\Alcielma\.vscode\extensions\redhat.java-1.39.0-win32-x64\server\plugins\org.eclipse.equinox.launcher_1.6.900.v20240613-2009.jar -configuration c:\Users\Alcielma\AppData\Roaming\Code\User\globalStorage\redhat.java\1.39.0\config_ss_win -data c:\Users\Alcielma\AppData\Roaming\Code\User\workspaceStorage\7f4b856d9addbdb51e2a1b70957ccbfa\redhat.java\ss_ws --pipe=\\.\pipe\lsp-28ab1f7e05e4821dcd23bb0ca8293482-sock
java_class_path (initial): c:\Users\Alcielma\.vscode\extensions\redhat.java-1.39.0-win32-x64\server\plugins\org.eclipse.equinox.launcher_1.6.900.v20240613-2009.jar
Launcher Type: SUN_STANDARD

[Global flags]
     uint AdaptiveSizePolicyWeight                 = 90                                        {product} {command line}
     intx CICompilerCount                          = 3                                         {product} {ergonomic}
     uint GCTimeRatio                              = 4                                         {product} {command line}
   size_t InitialHeapSize                          = 104857600                                 {product} {command line}
   size_t MaxHeapSize                              = 1073741824                                {product} {command line}
   size_t MaxNewSize                               = 357564416                                 {product} {ergonomic}
   size_t MinHeapDeltaBytes                        = 524288                                    {product} {ergonomic}
   size_t MinHeapSize                              = 104857600                                 {product} {command line}
   size_t NewSize                                  = 34603008                                  {product} {ergonomic}
    uintx NonNMethodCodeHeapSize                   = 5832780                                {pd product} {ergonomic}
    uintx NonProfiledCodeHeapSize                  = 122912730                              {pd product} {ergonomic}
   size_t OldSize                                  = 70254592                                  {product} {ergonomic}
    uintx ProfiledCodeHeapSize                     = 122912730                              {pd product} {ergonomic}
    uintx ReservedCodeCacheSize                    = 251658240                              {pd product} {ergonomic}
     bool SegmentedCodeCache                       = true                                      {product} {ergonomic}
   size_t SoftMaxHeapSize                          = 1073741824                             {manageable} {ergonomic}
     bool UseCompressedOops                        = true                           {product lp64_product} {ergonomic}
     bool UseLargePagesIndividualAllocation        = false                                  {pd product} {ergonomic}
     bool UseParallelGC                            = true                                      {product} {command line}

Logging:
Log output configuration:
 #0: stdout all=off uptime,level,tags foldmultilines=false
 #1: stderr all=off uptime,level,tags foldmultilines=false

Environment Variables:
PATH=C:\Program Files\Common Files\Oracle\Java\javapath;C:\Program Files\Eclipse Adoptium\jdk-21.0.5.11-hotspot\bin;C:\MinGW\bin;C:\Windows;C:\Windows\System32\Wbem;C:\Windows\System32\WindowsPowerShell\v1.0\;C:\Windows\System32\OpenSSH\;C:\Program Files\PuTTY\;C:\Program Files\Git\cmd;C:\Program Files\Docker\Docker\resources\bin;C:\MinGW\bin;C:\Program Files\nodejs\;C:\apache-maven-3.9.9\bin;C:\Program Files\PostgreSQL\17\bin;C:\Program Files\PostgreSQL\12\bin;C:\Users\Alcielma\AppData\Local\GitHubDesktop\bin;C:\Users\Alcielma\AppData\Local\Programs\Microsoft VS Code\bin;C:\Users\Alcielma\AppData\Roaming\npm
USERNAME=Alcielma
OS=Windows_NT
PROCESSOR_IDENTIFIER=Intel64 Family 6 Model 78 Stepping 3, GenuineIntel
TMP=C:\Users\Alcielma\AppData\Local\Temp
TEMP=C:\Users\Alcielma\AppData\Local\Temp




Periodic native trim disabled

---------------  S Y S T E M  ---------------

OS:
 Windows 10 , 64 bit Build 19041 (10.0.19041.5438)
OS uptime: 7 days 5:50 hours
Hyper-V role detected

CPU: total 4 (initial active 4) (2 cores per cpu, 2 threads per core) family 6 model 78 stepping 3 microcode 0xcc, cx8, cmov, fxsr, ht, mmx, 3dnowpref, sse, sse2, sse3, ssse3, sse4.1, sse4.2, popcnt, lzcnt, tsc, tscinvbit, avx, avx2, aes, erms, clmul, bmi1, bmi2, rtm, adx, fma, vzeroupper, clflush, clflushopt, hv, rdtscp, f16c
Processor Information for all 4 processors :
  Max Mhz: 2304, Current Mhz: 2304, Mhz Limit: 2304

Memory: 4k page, system-wide physical 3975M (159M free)
TotalPageFile size 16263M (AvailPageFile size 0M)
current process WorkingSet (physical memory assigned to process): 134M, peak: 197M
current process commit charge ("private bytes"): 278M, peak: 279M

vm_info: Java HotSpot(TM) 64-Bit Server VM (22.0.2+9-70) for windows-amd64 JRE (22.0.2+9-70), built on 2024-06-04T16:52:23Z by "mach5one" with MS VC++ 17.6 (VS2022)

END.
