#
# There is insufficient memory for the Java Runtime Environment to continue.
# Native memory allocation (malloc) failed to allocate 591376 bytes. Error detail: Chunk::new
# Possible reasons:
#   The system is out of physical RAM or swap space
#   This process is running with CompressedOops enabled, and the Java Heap may be blocking the growth of the native heap
# Possible solutions:
#   Reduce memory load on the system
#   Increase physical memory or swap space
#   Check if swap backing store is full
#   Decrease Java heap size (-Xmx/-Xms)
#   Decrease number of Java threads
#   Decrease Java thread stack sizes (-Xss)
#   Set larger code cache with -XX:ReservedCodeCacheSize=
#   JVM is running with Unscaled Compressed Oops mode in which the Java heap is
#     placed in the first 4GB address space. The Java Heap base address is the
#     maximum limit for the native heap growth. Please use -XX:HeapBaseMinAddress
#     to set the Java Heap base and to place the Java Heap above 4GB virtual address.
# This output file may be truncated or incomplete.
#
#  Out of Memory Error (arena.cpp:150), pid=19300, tid=18040
#
# JRE version: Java(TM) SE Runtime Environment (22.0.2+9) (build 22.0.2+9-70)
# Java VM: Java HotSpot(TM) 64-Bit Server VM (22.0.2+9-70, mixed mode, sharing, tiered, compressed oops, compressed class ptrs, parallel gc, windows-amd64)
# No core dump will be written. Minidumps are not enabled by default on client versions of Windows
#

---------------  S U M M A R Y ------------

Command Line: --add-modules=ALL-SYSTEM --add-opens=java.base/java.util=ALL-UNNAMED --add-opens=java.base/java.lang=ALL-UNNAMED --add-opens=java.base/sun.nio.fs=ALL-UNNAMED -Declipse.application=org.eclipse.jdt.ls.core.id1 -Dosgi.bundles.defaultStartLevel=4 -Declipse.product=org.eclipse.jdt.ls.core.product -Djava.import.generatesMetadataFilesAtProjectRoot=false -DDetectVMInstallationsJob.disabled=true -Dfile.encoding=utf8 -XX:+UseParallelGC -XX:GCTimeRatio=4 -XX:AdaptiveSizePolicyWeight=90 -Dsun.zip.disableMemoryMapping=true -Xmx1G -Xms100m -Xlog:disable -javaagent:c:\Users\Alcielma\.vscode\extensions\redhat.java-1.39.0-win32-x64\lombok\lombok-1.18.34.jar c:\Users\Alcielma\.vscode\extensions\redhat.java-1.39.0-win32-x64\server\plugins\org.eclipse.equinox.launcher_1.6.900.v20240613-2009.jar -configuration c:\Users\Alcielma\AppData\Roaming\Code\User\globalStorage\redhat.java\1.39.0\config_ss_win -data c:\Users\Alcielma\AppData\Roaming\Code\User\workspaceStorage\7f4b856d9addbdb51e2a1b70957ccbfa\redhat.java\ss_ws --pipe=\\.\pipe\lsp-0c92203c500fa871af11e1443b186c91-sock

Host: Intel(R) Core(TM) i3-6100U CPU @ 2.30GHz, 4 cores, 3G,  Windows 10 , 64 bit Build 19041 (10.0.19041.5438)
Time: Fri Feb 21 00:14:49 2025 Hora oficial do Brasil elapsed time: 13.225232 seconds (0d 0h 0m 13s)

---------------  T H R E A D  ---------------

Current thread (0x00000186c313b7d0):  JavaThread "C2 CompilerThread0" daemon [_thread_in_native, id=18040, stack(0x0000002795200000,0x0000002795300000) (1024K)]


Current CompileTask:
C2:13225 3146       4       java.lang.invoke.MethodType::makeImpl (109 bytes)

Stack: [0x0000002795200000,0x0000002795300000]
Native frames: (J=compiled Java code, j=interpreted, Vv=VM code, C=native code)
V  [jvm.dll+0x6e26e9]  (no source info available)
V  [jvm.dll+0x875753]  (no source info available)
V  [jvm.dll+0x877b7e]  (no source info available)
V  [jvm.dll+0x878253]  (no source info available)
V  [jvm.dll+0x27fc86]  (no source info available)
V  [jvm.dll+0xc3d0f]  (no source info available)
V  [jvm.dll+0xc3f6b]  (no source info available)
V  [jvm.dll+0x2f3c7f]  (no source info available)
V  [jvm.dll+0x60c0fa]  (no source info available)
V  [jvm.dll+0x250c92]  (no source info available)
V  [jvm.dll+0x248d0e]  (no source info available)
V  [jvm.dll+0x246da6]  (no source info available)
V  [jvm.dll+0x1c4e80]  (no source info available)
V  [jvm.dll+0x2568f3]  (no source info available)
V  [jvm.dll+0x254baa]  (no source info available)
V  [jvm.dll+0x3f57a6]  (no source info available)
V  [jvm.dll+0x81dc0b]  (no source info available)
V  [jvm.dll+0x6e0d85]  (no source info available)
C  [ucrtbase.dll+0x21bb2]  (no source info available)
C  [KERNEL32.DLL+0x17374]  (no source info available)
C  [ntdll.dll+0x4cc91]  (no source info available)


---------------  P R O C E S S  ---------------

Threads class SMR info:
_java_thread_list=0x00000186c944f960, length=27, elements={
0x00000186e6c14ac0, 0x00000186c312f920, 0x00000186c3131230, 0x00000186c31332c0,
0x00000186c31361f0, 0x00000186c3138f20, 0x00000186c313a990, 0x00000186c313b7d0,
0x00000186c3175b00, 0x00000186c804c100, 0x00000186c827cde0, 0x00000186c86a8630,
0x00000186c880e860, 0x00000186c880eed0, 0x00000186c873df90, 0x00000186c89a52c0,
0x00000186c83f9410, 0x00000186c8de9f80, 0x00000186c8de6b00, 0x00000186c8de7190,
0x00000186c8de8540, 0x00000186c8de7820, 0x00000186c8de7eb0, 0x00000186c8de9260,
0x00000186c8de98f0, 0x00000186c8de8bd0, 0x00000186c81f06b0
}

Java Threads: ( => current thread )
  0x00000186e6c14ac0 JavaThread "main"                              [_thread_blocked, id=224, stack(0x0000002794700000,0x0000002794800000) (1024K)]
  0x00000186c312f920 JavaThread "Reference Handler"          daemon [_thread_blocked, id=4468, stack(0x0000002794c00000,0x0000002794d00000) (1024K)]
  0x00000186c3131230 JavaThread "Finalizer"                  daemon [_thread_blocked, id=13900, stack(0x0000002794d00000,0x0000002794e00000) (1024K)]
  0x00000186c31332c0 JavaThread "Signal Dispatcher"          daemon [_thread_blocked, id=2268, stack(0x0000002794e00000,0x0000002794f00000) (1024K)]
  0x00000186c31361f0 JavaThread "Attach Listener"            daemon [_thread_blocked, id=18532, stack(0x0000002794f00000,0x0000002795000000) (1024K)]
  0x00000186c3138f20 JavaThread "Service Thread"             daemon [_thread_blocked, id=17692, stack(0x0000002795000000,0x0000002795100000) (1024K)]
  0x00000186c313a990 JavaThread "Monitor Deflation Thread"   daemon [_thread_blocked, id=17140, stack(0x0000002795100000,0x0000002795200000) (1024K)]
=>0x00000186c313b7d0 JavaThread "C2 CompilerThread0"         daemon [_thread_in_native, id=18040, stack(0x0000002795200000,0x0000002795300000) (1024K)]
  0x00000186c3175b00 JavaThread "C1 CompilerThread0"         daemon [_thread_blocked, id=15852, stack(0x0000002795300000,0x0000002795400000) (1024K)]
  0x00000186c804c100 JavaThread "Common-Cleaner"             daemon [_thread_blocked, id=4572, stack(0x0000002795400000,0x0000002795500000) (1024K)]
  0x00000186c827cde0 JavaThread "Notification Thread"        daemon [_thread_blocked, id=17632, stack(0x0000002795500000,0x0000002795600000) (1024K)]
  0x00000186c86a8630 JavaThread "Active Thread: Equinox Container: 586b649a-49b4-4081-84ba-32266da401a0"        [_thread_blocked, id=15456, stack(0x0000002795900000,0x0000002795a00000) (1024K)]
  0x00000186c880e860 JavaThread "Framework Event Dispatcher: Equinox Container: 586b649a-49b4-4081-84ba-32266da401a0" daemon [_thread_blocked, id=16440, stack(0x0000002795a00000,0x0000002795b00000) (1024K)]
  0x00000186c880eed0 JavaThread "Start Level: Equinox Container: 586b649a-49b4-4081-84ba-32266da401a0" daemon [_thread_blocked, id=10224, stack(0x0000002795b00000,0x0000002795c00000) (1024K)]
  0x00000186c873df90 JavaThread "SCR Component Actor"        daemon [_thread_blocked, id=13344, stack(0x0000002795c00000,0x0000002795d00000) (1024K)]
  0x00000186c89a52c0 JavaThread "SCR Component Registry"     daemon [_thread_blocked, id=5268, stack(0x0000002795d00000,0x0000002795e00000) (1024K)]
  0x00000186c83f9410 JavaThread "Worker-JM"                         [_thread_blocked, id=7640, stack(0x0000002795e00000,0x0000002795f00000) (1024K)]
  0x00000186c8de9f80 JavaThread "JNA Cleaner"                daemon [_thread_blocked, id=15404, stack(0x0000002795f00000,0x0000002796000000) (1024K)]
  0x00000186c8de6b00 JavaThread "Worker-0"                          [_thread_blocked, id=16796, stack(0x0000002796000000,0x0000002796100000) (1024K)]
  0x00000186c8de7190 JavaThread "Worker-1"                          [_thread_blocked, id=17808, stack(0x0000002796100000,0x0000002796200000) (1024K)]
  0x00000186c8de8540 JavaThread "Worker-2"                          [_thread_blocked, id=14720, stack(0x0000002796300000,0x0000002796400000) (1024K)]
  0x00000186c8de7820 JavaThread "Thread-2"                   daemon [_thread_in_native, id=14164, stack(0x0000002796200000,0x0000002796300000) (1024K)]
  0x00000186c8de7eb0 JavaThread "Thread-3"                   daemon [_thread_in_native, id=4664, stack(0x0000002796400000,0x0000002796500000) (1024K)]
  0x00000186c8de9260 JavaThread "Thread-4"                   daemon [_thread_in_native, id=4460, stack(0x0000002796500000,0x0000002796600000) (1024K)]
  0x00000186c8de98f0 JavaThread "Thread-5"                   daemon [_thread_in_native, id=16400, stack(0x0000002796600000,0x0000002796700000) (1024K)]
  0x00000186c8de8bd0 JavaThread "Thread-6"                   daemon [_thread_in_native, id=17548, stack(0x0000002796700000,0x0000002796800000) (1024K)]
  0x00000186c81f06b0 JavaThread "Framework stop - Equinox Container: 586b649a-49b4-4081-84ba-32266da401a0"        [_thread_in_vm, id=12000, stack(0x0000002796800000,0x0000002796900000) (1024K)]
Total: 27

Other Threads:
  0x00000186c3113680 VMThread "VM Thread"                           [id=14428, stack(0x0000002794a00000,0x0000002794b00000) (1024K)]
  0x00000186c3081c40 WatcherThread "VM Periodic Task Thread"        [id=8360, stack(0x0000002794900000,0x0000002794a00000) (1024K)]
  0x00000186e6d2ed90 WorkerThread "GC Thread#0"                     [id=16040, stack(0x0000002794800000,0x0000002794900000) (1024K)]
  0x00000186c8931f20 WorkerThread "GC Thread#1"                     [id=14944, stack(0x0000002795600000,0x0000002795700000) (1024K)]
  0x00000186c89326e0 WorkerThread "GC Thread#2"                     [id=17308, stack(0x0000002795700000,0x0000002795800000) (1024K)]
  0x00000186c8932a90 WorkerThread "GC Thread#3"                     [id=15496, stack(0x0000002795800000,0x0000002795900000) (1024K)]
Total: 6

Threads with active compile tasks:
C2 CompilerThread0  13484 3146       4       java.lang.invoke.MethodType::makeImpl (109 bytes)
Total: 1

VM state: not at safepoint (normal execution)

VM Mutex/Monitor currently owned by a thread:  ([mutex/lock_event])
[0x00007ffa53edab00] Metaspace_lock - owner thread: 0x00000186c81f06b0

Heap address: 0x00000000c0000000, size: 1024 MB, Compressed Oops mode: 32-bit

CDS archive(s) mapped at: [0x0000018682000000-0x0000018682c60000-0x0000018682c60000), size 12976128, SharedBaseAddress: 0x0000018682000000, ArchiveRelocationMode: 1.
Compressed class space mapped at: 0x0000018683000000-0x00000186c3000000, reserved size: 1073741824
Narrow klass base: 0x0000018682000000, Narrow klass shift: 0, Narrow klass range: 0x41000000

GC Precious Log:
 CardTable entry size: 512
 CPUs: 4 total, 4 available
 Memory: 3975M
 Large Page Support: Disabled
 NUMA Support: Disabled
 Compressed Oops: Enabled (32-bit)
 Alignments: Space 512K, Generation 512K, Heap 2M
 Heap Min Capacity: 100M
 Heap Initial Capacity: 100M
 Heap Max Capacity: 1G
 Pre-touch: Disabled
 Parallel Workers: 4

Heap:
 PSYoungGen      total 27648K, used 20190K [0x00000000eab00000, 0x00000000eca00000, 0x0000000100000000)
  eden space 24576K, 71% used [0x00000000eab00000,0x00000000ebc27b58,0x00000000ec300000)
  from space 3072K, 85% used [0x00000000ec380000,0x00000000ec610020,0x00000000ec680000)
  to   space 3584K, 0% used [0x00000000ec680000,0x00000000ec680000,0x00000000eca00000)
 ParOldGen       total 68608K, used 8619K [0x00000000c0000000, 0x00000000c4300000, 0x00000000eab00000)
  object space 68608K, 12% used [0x00000000c0000000,0x00000000c086ac50,0x00000000c4300000)
 Metaspace       used 25559K, committed 26240K, reserved 1114112K
  class space    used 2452K, committed 2688K, reserved 1048576K

Card table byte_map: [0x00000186ffa80000,0x00000186ffc90000] _byte_map_base: 0x00000186ff480000

Marking Bits: (ParMarkBitMap*) 0x00007ffa53ee1a90
 Begin Bits: [0x0000018680000000, 0x0000018681000000)
 End Bits:   [0x0000018681000000, 0x0000018682000000)

Polling page: 0x00000186e6b80000

Metaspace:

Usage:
  Non-class:     22.57 MB used.
      Class:      2.40 MB used.
       Both:     24.96 MB used.

Virtual space:
  Non-class space:       64.00 MB reserved,      23.00 MB ( 36%) committed,  1 nodes.
      Class space:        1.00 GB reserved,       2.62 MB ( <1%) committed,  1 nodes.
             Both:        1.06 GB reserved,      25.62 MB (  2%) committed. 

Chunk freelists:
   Non-Class:  8.14 MB
       Class:  13.30 MB
        Both:  21.44 MB

MaxMetaspaceSize: unlimited
CompressedClassSpaceSize: 1.00 GB
Initial GC threshold: 21.00 MB
Current GC threshold: 35.00 MB
CDS: on
 - commit_granule_bytes: 65536.
 - commit_granule_words: 8192.
 - virtual_space_node_default_size: 8388608.
 - enlarge_chunks_in_place: 1.
 - use_allocation_guard: 0.


Internal statistics:

num_allocs_failed_limit: 3.
num_arena_births: 524.
num_arena_deaths: 14.
num_vsnodes_births: 2.
num_vsnodes_deaths: 0.
num_space_committed: 410.
num_space_uncommitted: 0.
num_chunks_returned_to_freelist: 17.
num_chunks_taken_from_freelist: 1438.
num_chunk_merges: 9.
num_chunk_splits: 966.
num_chunks_enlarged: 633.
num_inconsistent_stats: 0.

CodeHeap 'non-profiled nmethods': size=120000Kb used=1361Kb max_used=1361Kb free=118638Kb
 bounds [0x00000186f8370000, 0x00000186f85e0000, 0x00000186ff8a0000]
CodeHeap 'profiled nmethods': size=120000Kb used=6284Kb max_used=6284Kb free=113715Kb
 bounds [0x00000186f08a0000, 0x00000186f0ed0000, 0x00000186f7dd0000]
CodeHeap 'non-nmethods': size=5760Kb used=1341Kb max_used=1373Kb free=4418Kb
 bounds [0x00000186f7dd0000, 0x00000186f8040000, 0x00000186f8370000]
 total_blobs=3785 nmethods=3156 adapters=535
 compilation: enabled
              stopped_count=0, restarted_count=0
 full_count=0

Compilation events (20 events):
Event: 13.157 Thread 0x00000186c3175b00 3151       3       java.util.HashMap::afterNodeRemoval (1 bytes)
Event: 13.157 Thread 0x00000186c3175b00 nmethod 3151 0x00000186f0ebfc10 code [0x00000186f0ebfda0, 0x00000186f0ebfea8]
Event: 13.178 Thread 0x00000186c3175b00 3152       1       org.eclipse.osgi.container.ModuleWire::getRequirer (5 bytes)
Event: 13.178 Thread 0x00000186c3175b00 nmethod 3152 0x00000186f84c3710 code [0x00000186f84c38a0, 0x00000186f84c3968]
Event: 13.178 Thread 0x00000186c3175b00 3153       1       org.eclipse.osgi.container.ModuleWire::getProvider (5 bytes)
Event: 13.179 Thread 0x00000186c3175b00 nmethod 3153 0x00000186f84c3a10 code [0x00000186f84c3ba0, 0x00000186f84c3c68]
Event: 13.181 Thread 0x00000186c3175b00 3154       3       org.eclipse.osgi.internal.container.ComputeNodeOrder$Digraph::addEdge (67 bytes)
Event: 13.182 Thread 0x00000186c3175b00 nmethod 3154 0x00000186f0ebff10 code [0x00000186f0ec0120, 0x00000186f0ec07d8]
Event: 13.183 Thread 0x00000186c3175b00 3155       3       java.security.SecureClassLoader::getProtectionDomain (37 bytes)
Event: 13.185 Thread 0x00000186c3175b00 nmethod 3155 0x00000186f0ec0a10 code [0x00000186f0ec0c00, 0x00000186f0ec11d8]
Event: 13.185 Thread 0x00000186c3175b00 3156       3       java.security.SecureClassLoader$CodeSourceKey::<init> (10 bytes)
Event: 13.185 Thread 0x00000186c3175b00 nmethod 3156 0x00000186f0ec1410 code [0x00000186f0ec15c0, 0x00000186f0ec17a8]
Event: 13.185 Thread 0x00000186c3175b00 3157       3       java.security.SecureClassLoader$1::<init> (10 bytes)
Event: 13.185 Thread 0x00000186c3175b00 nmethod 3157 0x00000186f0ec1890 code [0x00000186f0ec1a20, 0x00000186f0ec1ba8]
Event: 13.185 Thread 0x00000186c3175b00 3158       3       java.security.SecureClassLoader$CodeSourceKey::hashCode (11 bytes)
Event: 13.185 Thread 0x00000186c3175b00 nmethod 3158 0x00000186f0ec1c90 code [0x00000186f0ec1e40, 0x00000186f0ec2070]
Event: 13.191 Thread 0x00000186c3175b00 3159       3       java.util.LinkedHashMap$LinkedKeyIterator::next (8 bytes)
Event: 13.191 Thread 0x00000186c3175b00 nmethod 3159 0x00000186f0ec2190 code [0x00000186f0ec2340, 0x00000186f0ec2498]
Event: 13.193 Thread 0x00000186c3175b00 3160       3       org.eclipse.core.runtime.ServiceCaller$ReferenceAndService::bundleChanged (32 bytes)
Event: 13.194 Thread 0x00000186c3175b00 nmethod 3160 0x00000186f0ec2590 code [0x00000186f0ec27c0, 0x00000186f0ec2ef8]

GC Heap History (16 events):
Event: 2.924 GC heap before
{Heap before GC invocations=1 (full 0):
 PSYoungGen      total 29696K, used 25600K [0x00000000eab00000, 0x00000000ecc00000, 0x0000000100000000)
  eden space 25600K, 100% used [0x00000000eab00000,0x00000000ec400000,0x00000000ec400000)
  from space 4096K, 0% used [0x00000000ec800000,0x00000000ec800000,0x00000000ecc00000)
  to   space 4096K, 0% used [0x00000000ec400000,0x00000000ec400000,0x00000000ec800000)
 ParOldGen       total 68608K, used 0K [0x00000000c0000000, 0x00000000c4300000, 0x00000000eab00000)
  object space 68608K, 0% used [0x00000000c0000000,0x00000000c0000000,0x00000000c4300000)
 Metaspace       used 4405K, committed 4608K, reserved 1114112K
  class space    used 438K, committed 512K, reserved 1048576K
}
Event: 2.940 GC heap after
{Heap after GC invocations=1 (full 0):
 PSYoungGen      total 29696K, used 3222K [0x00000000eab00000, 0x00000000ecc00000, 0x0000000100000000)
  eden space 25600K, 0% used [0x00000000eab00000,0x00000000eab00000,0x00000000ec400000)
  from space 4096K, 78% used [0x00000000ec400000,0x00000000ec725860,0x00000000ec800000)
  to   space 4096K, 0% used [0x00000000ec800000,0x00000000ec800000,0x00000000ecc00000)
 ParOldGen       total 68608K, used 0K [0x00000000c0000000, 0x00000000c4300000, 0x00000000eab00000)
  object space 68608K, 0% used [0x00000000c0000000,0x00000000c0000000,0x00000000c4300000)
 Metaspace       used 4405K, committed 4608K, reserved 1114112K
  class space    used 438K, committed 512K, reserved 1048576K
}
Event: 5.540 GC heap before
{Heap before GC invocations=2 (full 0):
 PSYoungGen      total 29696K, used 28822K [0x00000000eab00000, 0x00000000ecc00000, 0x0000000100000000)
  eden space 25600K, 100% used [0x00000000eab00000,0x00000000ec400000,0x00000000ec400000)
  from space 4096K, 78% used [0x00000000ec400000,0x00000000ec725860,0x00000000ec800000)
  to   space 4096K, 0% used [0x00000000ec800000,0x00000000ec800000,0x00000000ecc00000)
 ParOldGen       total 68608K, used 0K [0x00000000c0000000, 0x00000000c4300000, 0x00000000eab00000)
  object space 68608K, 0% used [0x00000000c0000000,0x00000000c0000000,0x00000000c4300000)
 Metaspace       used 8175K, committed 8448K, reserved 1114112K
  class space    used 810K, committed 960K, reserved 1048576K
}
Event: 5.547 GC heap after
{Heap after GC invocations=2 (full 0):
 PSYoungGen      total 29696K, used 4074K [0x00000000eab00000, 0x00000000ecc00000, 0x0000000100000000)
  eden space 25600K, 0% used [0x00000000eab00000,0x00000000eab00000,0x00000000ec400000)
  from space 4096K, 99% used [0x00000000ec800000,0x00000000ecbfa9a8,0x00000000ecc00000)
  to   space 4096K, 0% used [0x00000000ec400000,0x00000000ec400000,0x00000000ec800000)
 ParOldGen       total 68608K, used 915K [0x00000000c0000000, 0x00000000c4300000, 0x00000000eab00000)
  object space 68608K, 1% used [0x00000000c0000000,0x00000000c00e4eb8,0x00000000c4300000)
 Metaspace       used 8175K, committed 8448K, reserved 1114112K
  class space    used 810K, committed 960K, reserved 1048576K
}
Event: 7.319 GC heap before
{Heap before GC invocations=3 (full 0):
 PSYoungGen      total 29696K, used 29674K [0x00000000eab00000, 0x00000000ecc00000, 0x0000000100000000)
  eden space 25600K, 100% used [0x00000000eab00000,0x00000000ec400000,0x00000000ec400000)
  from space 4096K, 99% used [0x00000000ec800000,0x00000000ecbfa9a8,0x00000000ecc00000)
  to   space 4096K, 0% used [0x00000000ec400000,0x00000000ec400000,0x00000000ec800000)
 ParOldGen       total 68608K, used 915K [0x00000000c0000000, 0x00000000c4300000, 0x00000000eab00000)
  object space 68608K, 1% used [0x00000000c0000000,0x00000000c00e4eb8,0x00000000c4300000)
 Metaspace       used 13080K, committed 13632K, reserved 1114112K
  class space    used 1338K, committed 1600K, reserved 1048576K
}
Event: 7.327 GC heap after
{Heap after GC invocations=3 (full 0):
 PSYoungGen      total 29696K, used 4070K [0x00000000eab00000, 0x00000000ecc00000, 0x0000000100000000)
  eden space 25600K, 0% used [0x00000000eab00000,0x00000000eab00000,0x00000000ec400000)
  from space 4096K, 99% used [0x00000000ec400000,0x00000000ec7f98c8,0x00000000ec800000)
  to   space 4096K, 0% used [0x00000000ec800000,0x00000000ec800000,0x00000000ecc00000)
 ParOldGen       total 68608K, used 2907K [0x00000000c0000000, 0x00000000c4300000, 0x00000000eab00000)
  object space 68608K, 4% used [0x00000000c0000000,0x00000000c02d6ee8,0x00000000c4300000)
 Metaspace       used 13080K, committed 13632K, reserved 1114112K
  class space    used 1338K, committed 1600K, reserved 1048576K
}
Event: 9.162 GC heap before
{Heap before GC invocations=4 (full 0):
 PSYoungGen      total 29696K, used 29670K [0x00000000eab00000, 0x00000000ecc00000, 0x0000000100000000)
  eden space 25600K, 100% used [0x00000000eab00000,0x00000000ec400000,0x00000000ec400000)
  from space 4096K, 99% used [0x00000000ec400000,0x00000000ec7f98c8,0x00000000ec800000)
  to   space 4096K, 0% used [0x00000000ec800000,0x00000000ec800000,0x00000000ecc00000)
 ParOldGen       total 68608K, used 2907K [0x00000000c0000000, 0x00000000c4300000, 0x00000000eab00000)
  object space 68608K, 4% used [0x00000000c0000000,0x00000000c02d6ee8,0x00000000c4300000)
 Metaspace       used 17099K, committed 17728K, reserved 1114112K
  class space    used 1743K, committed 2048K, reserved 1048576K
}
Event: 9.173 GC heap after
{Heap after GC invocations=4 (full 0):
 PSYoungGen      total 29696K, used 4080K [0x00000000eab00000, 0x00000000ecc00000, 0x0000000100000000)
  eden space 25600K, 0% used [0x00000000eab00000,0x00000000eab00000,0x00000000ec400000)
  from space 4096K, 99% used [0x00000000ec800000,0x00000000ecbfc058,0x00000000ecc00000)
  to   space 4096K, 0% used [0x00000000ec400000,0x00000000ec400000,0x00000000ec800000)
 ParOldGen       total 68608K, used 5914K [0x00000000c0000000, 0x00000000c4300000, 0x00000000eab00000)
  object space 68608K, 8% used [0x00000000c0000000,0x00000000c05c6858,0x00000000c4300000)
 Metaspace       used 17099K, committed 17728K, reserved 1114112K
  class space    used 1743K, committed 2048K, reserved 1048576K
}
Event: 9.825 GC heap before
{Heap before GC invocations=5 (full 0):
 PSYoungGen      total 29696K, used 29680K [0x00000000eab00000, 0x00000000ecc00000, 0x0000000100000000)
  eden space 25600K, 100% used [0x00000000eab00000,0x00000000ec400000,0x00000000ec400000)
  from space 4096K, 99% used [0x00000000ec800000,0x00000000ecbfc058,0x00000000ecc00000)
  to   space 4096K, 0% used [0x00000000ec400000,0x00000000ec400000,0x00000000ec800000)
 ParOldGen       total 68608K, used 5914K [0x00000000c0000000, 0x00000000c4300000, 0x00000000eab00000)
  object space 68608K, 8% used [0x00000000c0000000,0x00000000c05c6858,0x00000000c4300000)
 Metaspace       used 20370K, committed 20992K, reserved 1114112K
  class space    used 1984K, committed 2240K, reserved 1048576K
}
Event: 9.832 GC heap after
{Heap after GC invocations=5 (full 0):
 PSYoungGen      total 29184K, used 4095K [0x00000000eab00000, 0x00000000ecf80000, 0x0000000100000000)
  eden space 25088K, 0% used [0x00000000eab00000,0x00000000eab00000,0x00000000ec380000)
  from space 4096K, 99% used [0x00000000ec400000,0x00000000ec7ffef0,0x00000000ec800000)
  to   space 6144K, 0% used [0x00000000ec980000,0x00000000ec980000,0x00000000ecf80000)
 ParOldGen       total 68608K, used 7212K [0x00000000c0000000, 0x00000000c4300000, 0x00000000eab00000)
  object space 68608K, 10% used [0x00000000c0000000,0x00000000c070b298,0x00000000c4300000)
 Metaspace       used 20370K, committed 20992K, reserved 1114112K
  class space    used 1984K, committed 2240K, reserved 1048576K
}
Event: 9.979 GC heap before
{Heap before GC invocations=6 (full 0):
 PSYoungGen      total 29184K, used 8259K [0x00000000eab00000, 0x00000000ecf80000, 0x0000000100000000)
  eden space 25088K, 16% used [0x00000000eab00000,0x00000000eaf10d98,0x00000000ec380000)
  from space 4096K, 99% used [0x00000000ec400000,0x00000000ec7ffef0,0x00000000ec800000)
  to   space 6144K, 0% used [0x00000000ec980000,0x00000000ec980000,0x00000000ecf80000)
 ParOldGen       total 68608K, used 7212K [0x00000000c0000000, 0x00000000c4300000, 0x00000000eab00000)
  object space 68608K, 10% used [0x00000000c0000000,0x00000000c070b298,0x00000000c4300000)
 Metaspace       used 20854K, committed 21504K, reserved 1114112K
  class space    used 2018K, committed 2304K, reserved 1048576K
}
Event: 9.986 GC heap after
{Heap after GC invocations=6 (full 0):
 PSYoungGen      total 30208K, used 4830K [0x00000000eab00000, 0x00000000ece80000, 0x0000000100000000)
  eden space 25088K, 0% used [0x00000000eab00000,0x00000000eab00000,0x00000000ec380000)
  from space 5120K, 94% used [0x00000000ec980000,0x00000000ece37ae0,0x00000000ece80000)
  to   space 5632K, 0% used [0x00000000ec380000,0x00000000ec380000,0x00000000ec900000)
 ParOldGen       total 68608K, used 7212K [0x00000000c0000000, 0x00000000c4300000, 0x00000000eab00000)
  object space 68608K, 10% used [0x00000000c0000000,0x00000000c070b298,0x00000000c4300000)
 Metaspace       used 20854K, committed 21504K, reserved 1114112K
  class space    used 2018K, committed 2304K, reserved 1048576K
}
Event: 9.986 GC heap before
{Heap before GC invocations=7 (full 1):
 PSYoungGen      total 30208K, used 4830K [0x00000000eab00000, 0x00000000ece80000, 0x0000000100000000)
  eden space 25088K, 0% used [0x00000000eab00000,0x00000000eab00000,0x00000000ec380000)
  from space 5120K, 94% used [0x00000000ec980000,0x00000000ece37ae0,0x00000000ece80000)
  to   space 5632K, 0% used [0x00000000ec380000,0x00000000ec380000,0x00000000ec900000)
 ParOldGen       total 68608K, used 7212K [0x00000000c0000000, 0x00000000c4300000, 0x00000000eab00000)
  object space 68608K, 10% used [0x00000000c0000000,0x00000000c070b298,0x00000000c4300000)
 Metaspace       used 20854K, committed 21504K, reserved 1114112K
  class space    used 2018K, committed 2304K, reserved 1048576K
}
Event: 10.032 GC heap after
{Heap after GC invocations=7 (full 1):
 PSYoungGen      total 30208K, used 0K [0x00000000eab00000, 0x00000000ece80000, 0x0000000100000000)
  eden space 25088K, 0% used [0x00000000eab00000,0x00000000eab00000,0x00000000ec380000)
  from space 5120K, 0% used [0x00000000ec980000,0x00000000ec980000,0x00000000ece80000)
  to   space 5632K, 0% used [0x00000000ec380000,0x00000000ec380000,0x00000000ec900000)
 ParOldGen       total 68608K, used 8611K [0x00000000c0000000, 0x00000000c4300000, 0x00000000eab00000)
  object space 68608K, 12% used [0x00000000c0000000,0x00000000c0868c50,0x00000000c4300000)
 Metaspace       used 20842K, committed 21504K, reserved 1114112K
  class space    used 2014K, committed 2304K, reserved 1048576K
}
Event: 11.480 GC heap before
{Heap before GC invocations=8 (full 1):
 PSYoungGen      total 30208K, used 25088K [0x00000000eab00000, 0x00000000ece80000, 0x0000000100000000)
  eden space 25088K, 100% used [0x00000000eab00000,0x00000000ec380000,0x00000000ec380000)
  from space 5120K, 0% used [0x00000000ec980000,0x00000000ec980000,0x00000000ece80000)
  to   space 5632K, 0% used [0x00000000ec380000,0x00000000ec380000,0x00000000ec900000)
 ParOldGen       total 68608K, used 8611K [0x00000000c0000000, 0x00000000c4300000, 0x00000000eab00000)
  object space 68608K, 12% used [0x00000000c0000000,0x00000000c0868c50,0x00000000c4300000)
 Metaspace       used 22824K, committed 23424K, reserved 1114112K
  class space    used 2167K, committed 2432K, reserved 1048576K
}
Event: 11.484 GC heap after
{Heap after GC invocations=8 (full 1):
 PSYoungGen      total 27648K, used 2624K [0x00000000eab00000, 0x00000000eca00000, 0x0000000100000000)
  eden space 24576K, 0% used [0x00000000eab00000,0x00000000eab00000,0x00000000ec300000)
  from space 3072K, 85% used [0x00000000ec380000,0x00000000ec610020,0x00000000ec680000)
  to   space 3584K, 0% used [0x00000000ec680000,0x00000000ec680000,0x00000000eca00000)
 ParOldGen       total 68608K, used 8619K [0x00000000c0000000, 0x00000000c4300000, 0x00000000eab00000)
  object space 68608K, 12% used [0x00000000c0000000,0x00000000c086ac50,0x00000000c4300000)
 Metaspace       used 22824K, committed 23424K, reserved 1114112K
  class space    used 2167K, committed 2432K, reserved 1048576K
}

Dll operation events (11 events):
Event: 0.060 Loaded shared library C:\Program Files\Java\jdk-22\bin\java.dll
Event: 0.211 Loaded shared library C:\Program Files\Java\jdk-22\bin\jsvml.dll
Event: 0.413 Loaded shared library C:\Program Files\Java\jdk-22\bin\zip.dll
Event: 0.427 Loaded shared library C:\Program Files\Java\jdk-22\bin\instrument.dll
Event: 0.438 Loaded shared library C:\Program Files\Java\jdk-22\bin\net.dll
Event: 0.445 Loaded shared library C:\Program Files\Java\jdk-22\bin\nio.dll
Event: 0.453 Loaded shared library C:\Program Files\Java\jdk-22\bin\zip.dll
Event: 0.506 Loaded shared library C:\Program Files\Java\jdk-22\bin\jimage.dll
Event: 0.716 Loaded shared library C:\Program Files\Java\jdk-22\bin\verify.dll
Event: 5.386 Loaded shared library C:\Users\Alcielma\AppData\Roaming\Code\User\globalStorage\redhat.java\1.39.0\config_ss_win\org.eclipse.equinox.launcher\org.eclipse.equinox.launcher.win32.win32.x86_64_1.2.1100.v20240722-2106\eclipse_11904.dll
Event: 8.378 Loaded shared library C:\Users\Alcielma\AppData\Local\Temp\jna-1614043628\jna1090165955044856413.dll

Deoptimization events (20 events):
Event: 11.702 Thread 0x00000186c880eed0 DEOPT PACKING pc=0x00000186f847cd30 sp=0x0000002795bfd4c0
Event: 11.702 Thread 0x00000186c880eed0 DEOPT UNPACKING pc=0x00000186f7e23aa2 sp=0x0000002795bfd458 mode 2
Event: 12.635 Thread 0x00000186c880eed0 Uncommon trap: trap_request=0xffffff45 fr.pc=0x00000186f83d0598 relative=0x00000000000000f8
Event: 12.635 Thread 0x00000186c880eed0 Uncommon trap: reason=unstable_if action=reinterpret pc=0x00000186f83d0598 method=java.lang.String.getBytes([BIB)V @ 5 c2
Event: 12.635 Thread 0x00000186c880eed0 DEOPT PACKING pc=0x00000186f83d0598 sp=0x0000002795bfdca0
Event: 12.635 Thread 0x00000186c880eed0 DEOPT UNPACKING pc=0x00000186f7e23aa2 sp=0x0000002795bfdc48 mode 2
Event: 12.756 Thread 0x00000186c880eed0 Uncommon trap: trap_request=0xffffff45 fr.pc=0x00000186f8422748 relative=0x0000000000000128
Event: 12.756 Thread 0x00000186c880eed0 Uncommon trap: reason=unstable_if action=reinterpret pc=0x00000186f8422748 method=jdk.internal.org.objectweb.asm.SymbolTable.put(Ljdk/internal/org/objectweb/asm/SymbolTable$Entry;)Ljdk/internal/org/objectweb/asm/SymbolTable$Entry; @ 13 c2
Event: 12.756 Thread 0x00000186c880eed0 DEOPT PACKING pc=0x00000186f8422748 sp=0x0000002795bfba30
Event: 12.756 Thread 0x00000186c880eed0 DEOPT UNPACKING pc=0x00000186f7e23aa2 sp=0x0000002795bfb990 mode 2
Event: 12.869 Thread 0x00000186c8de6b00 DEOPT PACKING pc=0x00000186f0d396d8 sp=0x00000027960fe570
Event: 12.869 Thread 0x00000186c8de6b00 DEOPT UNPACKING pc=0x00000186f7e24242 sp=0x00000027960fda58 mode 0
Event: 13.208 Thread 0x00000186c81f06b0 Uncommon trap: trap_request=0xffffff45 fr.pc=0x00000186f83b1064 relative=0x00000000000004e4
Event: 13.208 Thread 0x00000186c81f06b0 Uncommon trap: reason=unstable_if action=reinterpret pc=0x00000186f83b1064 method=java.util.HashMap$HashIterator.<init>(Ljava/util/HashMap;)V @ 45 c2
Event: 13.208 Thread 0x00000186c81f06b0 DEOPT PACKING pc=0x00000186f83b1064 sp=0x00000027968fe770
Event: 13.208 Thread 0x00000186c81f06b0 DEOPT UNPACKING pc=0x00000186f7e23aa2 sp=0x00000027968fe5e0 mode 2
Event: 13.208 Thread 0x00000186c81f06b0 Uncommon trap: trap_request=0xffffff45 fr.pc=0x00000186f83a1838 relative=0x0000000000000298
Event: 13.208 Thread 0x00000186c81f06b0 Uncommon trap: reason=unstable_if action=reinterpret pc=0x00000186f83a1838 method=java.util.HashMap$HashIterator.<init>(Ljava/util/HashMap;)V @ 45 c2
Event: 13.208 Thread 0x00000186c81f06b0 DEOPT PACKING pc=0x00000186f83a1838 sp=0x00000027968fe6a0
Event: 13.208 Thread 0x00000186c81f06b0 DEOPT UNPACKING pc=0x00000186f7e23aa2 sp=0x00000027968fe638 mode 2

Classes loaded (20 events):
Event: 13.020 Loading class java/nio/channels/AsynchronousChannelGroup
Event: 13.020 Loading class java/nio/channels/AsynchronousChannelGroup done
Event: 13.020 Loading class sun/nio/ch/AsynchronousChannelGroupImpl done
Event: 13.020 Loading class sun/nio/ch/Iocp done
Event: 13.020 Loading class sun/nio/ch/Iocp$CompletionStatus
Event: 13.021 Loading class sun/nio/ch/Iocp$CompletionStatus done
Event: 13.021 Loading class sun/nio/ch/ThreadPool
Event: 13.022 Loading class sun/nio/ch/ThreadPool done
Event: 13.089 Loading class sun/nio/ch/Iocp$EventHandlerTask
Event: 13.089 Loading class sun/nio/ch/Iocp$EventHandlerTask done
Event: 13.089 Loading class sun/nio/ch/AsynchronousChannelGroupImpl$2
Event: 13.090 Loading class sun/nio/ch/AsynchronousChannelGroupImpl$2 done
Event: 13.091 Loading class sun/nio/ch/AsynchronousChannelGroupImpl$1
Event: 13.091 Loading class sun/nio/ch/AsynchronousChannelGroupImpl$1 done
Event: 13.092 Loading class sun/nio/ch/PendingIoCache
Event: 13.093 Loading class sun/nio/ch/PendingIoCache done
Event: 13.130 Loading class sun/nio/ch/Invoker
Event: 13.133 Loading class sun/nio/ch/Invoker done
Event: 13.137 Loading class sun/nio/ch/Invoker$GroupAndInvokeCount
Event: 13.138 Loading class sun/nio/ch/Invoker$GroupAndInvokeCount done

Classes unloaded (7 events):
Event: 9.995 Thread 0x00000186c3113680 Unloading class 0x0000018683182c00 'java/lang/invoke/LambdaForm$MH+0x0000018683182c00'
Event: 9.995 Thread 0x00000186c3113680 Unloading class 0x0000018683182800 'java/lang/invoke/LambdaForm$MH+0x0000018683182800'
Event: 9.995 Thread 0x00000186c3113680 Unloading class 0x0000018683182400 'java/lang/invoke/LambdaForm$MH+0x0000018683182400'
Event: 9.995 Thread 0x00000186c3113680 Unloading class 0x0000018683182000 'java/lang/invoke/LambdaForm$MH+0x0000018683182000'
Event: 9.995 Thread 0x00000186c3113680 Unloading class 0x0000018683181c00 'java/lang/invoke/LambdaForm$BMH+0x0000018683181c00'
Event: 9.995 Thread 0x00000186c3113680 Unloading class 0x0000018683181800 'java/lang/invoke/LambdaForm$DMH+0x0000018683181800'
Event: 9.995 Thread 0x00000186c3113680 Unloading class 0x0000018683180400 'java/lang/invoke/LambdaForm$DMH+0x0000018683180400'

Classes redefined (0 events):
No events

Internal exceptions (20 events):
Event: 8.774 Thread 0x00000186c8de6b00 Exception <a 'java/lang/NoSuchMethodError'{0x00000000eb9237b8}: 'java.lang.Object java.lang.invoke.DirectMethodHandle$Holder.newInvokeSpecial(java.lang.Object, java.lang.Object, int, java.lang.Object)'> (0x00000000eb9237b8) 
thrown [s\open\src\hotspot\share\interpreter\linkResolver.cpp, line 774]
Event: 8.821 Thread 0x00000186c880eed0 Exception <a 'java/lang/NoSuchMethodError'{0x00000000ebc3c580}: 'void java.lang.invoke.DirectMethodHandle$Holder.invokeSpecial(java.lang.Object, java.lang.Object, java.lang.Object, java.lang.Object, java.lang.Object)'> (0x00000000ebc3c580) 
thrown [s\open\src\hotspot\share\interpreter\linkResolver.cpp, line 774]
Event: 8.941 Thread 0x00000186c880eed0 Exception <a 'java/lang/NoSuchMethodError'{0x00000000ebe65018}: 'double java.lang.invoke.DirectMethodHandle$Holder.invokeStatic(java.lang.Object, java.lang.Object)'> (0x00000000ebe65018) 
thrown [s\open\src\hotspot\share\interpreter\linkResolver.cpp, line 774]
Event: 8.942 Thread 0x00000186c880eed0 Exception <a 'java/lang/NoSuchMethodError'{0x00000000ebe686c8}: 'double java.lang.invoke.DirectMethodHandle$Holder.invokeStaticInit(java.lang.Object, java.lang.Object)'> (0x00000000ebe686c8) 
thrown [s\open\src\hotspot\share\interpreter\linkResolver.cpp, line 774]
Event: 10.768 Thread 0x00000186c880eed0 Exception <a 'java/lang/ClassNotFoundException'{0x00000000ec0b3cd0}: com/sun/org/apache/xerces/internal/impl/msg/spi/DOMMessagesProvider> (0x00000000ec0b3cd0) 
thrown [s\open\src\hotspot\share\classfile\systemDictionary.cpp, line 313]
Event: 10.791 Thread 0x00000186c880eed0 Exception <a 'java/lang/ClassNotFoundException'{0x00000000ec0ca860}: com/sun/org/apache/xerces/internal/impl/msg/spi/XMLSerializerMessagesProvider> (0x00000000ec0ca860) 
thrown [s\open\src\hotspot\share\classfile\systemDictionary.cpp, line 313]
Event: 10.793 Thread 0x00000186c880eed0 Exception <a 'java/lang/ClassNotFoundException'{0x00000000ec0d58a0}: com/sun/org/apache/xerces/internal/impl/msg/spi/XMLMessagesProvider> (0x00000000ec0d58a0) 
thrown [s\open\src\hotspot\share\classfile\systemDictionary.cpp, line 313]
Event: 10.870 Thread 0x00000186c880eed0 Exception <a 'java/lang/NoSuchMethodError'{0x00000000ec2bdf30}: 'java.lang.Object java.lang.invoke.DirectMethodHandle$Holder.newInvokeSpecial(java.lang.Object, int, java.lang.Object, java.lang.Object)'> (0x00000000ec2bdf30) 
thrown [s\open\src\hotspot\share\interpreter\linkResolver.cpp, line 774]
Event: 11.657 Thread 0x00000186c880eed0 Exception <a 'sun/nio/fs/WindowsException'{0x00000000eacfdaf8}> (0x00000000eacfdaf8) 
thrown [s\open\src\hotspot\share\prims\jni.cpp, line 520]
Event: 12.355 Thread 0x00000186c880eed0 Exception <a 'java/lang/ClassNotFoundException'{0x00000000eb2cc3f8}: com/sun/org/apache/xml/internal/serializer/spi/XMLEntitiesProvider> (0x00000000eb2cc3f8) 
thrown [s\open\src\hotspot\share\classfile\systemDictionary.cpp, line 313]
Event: 12.666 Thread 0x00000186c880eed0 Exception <a 'java/io/FileNotFoundException'{0x00000000eb5ca6e0}> (0x00000000eb5ca6e0) 
thrown [s\open\src\hotspot\share\prims\jni.cpp, line 520]
Event: 12.766 Thread 0x00000186c880eed0 Exception <a 'java/lang/UnsatisfiedLinkError'{0x00000000eb6c05c8}: Não foi possível encontrar o procedimento especificado.
> (0x00000000eb6c05c8) 
thrown [s\open\src\hotspot\share\prims\jni.cpp, line 539]
Event: 12.776 Thread 0x00000186c880eed0 Exception <a 'java/io/FileNotFoundException'{0x00000000eb6d5b18}> (0x00000000eb6d5b18) 
thrown [s\open\src\hotspot\share\prims\jni.cpp, line 520]
Event: 12.798 Thread 0x00000186c880eed0 Exception <a 'java/io/FileNotFoundException'{0x00000000eb74bee0}> (0x00000000eb74bee0) 
thrown [s\open\src\hotspot\share\prims\jni.cpp, line 520]
Event: 12.825 Thread 0x00000186c880eed0 Exception <a 'java/lang/UnsatisfiedLinkError'{0x00000000eb779558}: Não foi possível encontrar o procedimento especificado.
> (0x00000000eb779558) 
thrown [s\open\src\hotspot\share\prims\jni.cpp, line 539]
Event: 12.866 Thread 0x00000186c8de6b00 Exception <a 'java/lang/NullPointerException'{0x00000000eb7a4f98}> (0x00000000eb7a4f98) 
thrown [s\open\src\hotspot\share\interpreter\linkResolver.cpp, line 1458]
Event: 12.996 Thread 0x00000186e6c14ac0 Exception <a 'java/lang/NoSuchMethodError'{0x00000000eb9afff0}: 'java.lang.Object java.lang.invoke.DirectMethodHandle$Holder.invokeStatic(java.lang.Object, long, java.lang.Object)'> (0x00000000eb9afff0) 
thrown [s\open\src\hotspot\share\interpreter\linkResolver.cpp, line 774]
Event: 12.998 Thread 0x00000186e6c14ac0 Exception <a 'java/lang/NoSuchMethodError'{0x00000000eb9b3678}: 'java.lang.Object java.lang.invoke.DirectMethodHandle$Holder.invokeStaticInit(java.lang.Object, long, java.lang.Object)'> (0x00000000eb9b3678) 
thrown [s\open\src\hotspot\share\interpreter\linkResolver.cpp, line 774]
Event: 12.999 Thread 0x00000186e6c14ac0 Exception <a 'java/lang/NoSuchMethodError'{0x00000000eb9b8de8}: 'java.lang.Object java.lang.invoke.DirectMethodHandle$Holder.newInvokeSpecial(java.lang.Object, long)'> (0x00000000eb9b8de8) 
thrown [s\open\src\hotspot\share\interpreter\linkResolver.cpp, line 774]
Event: 13.099 Thread 0x00000186e6c14ac0 Exception <a 'java/lang/RuntimeException'{0x00000000eba2d828}: snapshot not available> (0x00000000eba2d828) 
thrown [s\open\src\hotspot\share\prims\jni.cpp, line 539]

ZGC Phase Switch (0 events):
No events

VM Operations (20 events):
Event: 9.825 Executing VM operation: ParallelGCFailedAllocation (Allocation Failure)
Event: 9.832 Executing VM operation: ParallelGCFailedAllocation (Allocation Failure) done
Event: 9.979 Executing VM operation: CollectForMetadataAllocation (Metadata GC Threshold)
Event: 10.032 Executing VM operation: CollectForMetadataAllocation (Metadata GC Threshold) done
Event: 10.555 Executing VM operation: HandshakeAllThreads (Deoptimize)
Event: 10.555 Executing VM operation: HandshakeAllThreads (Deoptimize) done
Event: 10.945 Executing VM operation: ParallelGCFailedAllocation (Allocation Failure)
Event: 11.484 Executing VM operation: ParallelGCFailedAllocation (Allocation Failure) done
Event: 11.625 Executing VM operation: HandshakeAllThreads (Deoptimize)
Event: 11.625 Executing VM operation: HandshakeAllThreads (Deoptimize) done
Event: 11.633 Executing VM operation: HandshakeAllThreads (Deoptimize)
Event: 11.633 Executing VM operation: HandshakeAllThreads (Deoptimize) done
Event: 11.865 Executing VM operation: HandshakeAllThreads (Deoptimize)
Event: 11.865 Executing VM operation: HandshakeAllThreads (Deoptimize) done
Event: 11.870 Executing VM operation: HandshakeAllThreads (Deoptimize)
Event: 11.870 Executing VM operation: HandshakeAllThreads (Deoptimize) done
Event: 12.488 Executing VM operation: HandshakeAllThreads (Deoptimize)
Event: 12.488 Executing VM operation: HandshakeAllThreads (Deoptimize) done
Event: 12.488 Executing VM operation: Cleanup
Event: 12.488 Executing VM operation: Cleanup done

Memory protections (0 events):
No events

Nmethod flushes (0 events):
No events

Events (20 events):
Event: 0.333 Thread 0x00000186e6c14ac0 Thread added: 0x00000186c804c100
Event: 0.977 Thread 0x00000186e6c14ac0 Thread added: 0x00000186c827cde0
Event: 4.541 Thread 0x00000186e6c14ac0 Thread added: 0x00000186c86a8630
Event: 5.357 Thread 0x00000186e6c14ac0 Thread added: 0x00000186c880e860
Event: 5.374 Thread 0x00000186e6c14ac0 Thread added: 0x00000186c880eed0
Event: 5.481 Thread 0x00000186c880eed0 Thread added: 0x00000186c873df90
Event: 5.953 Thread 0x00000186c880eed0 Thread added: 0x00000186c89a52c0
Event: 6.917 Thread 0x00000186c880eed0 Thread added: 0x00000186c83f9410
Event: 8.516 Thread 0x00000186c880eed0 Thread added: 0x00000186c8de9f80
Event: 8.658 Thread 0x00000186c880eed0 Thread added: 0x00000186c8de6b00
Event: 8.775 Thread 0x00000186c880eed0 Thread added: 0x00000186c8de7190
Event: 10.818 Thread 0x00000186c880eed0 Thread added: 0x00000186c8de8bd0
Event: 11.485 Thread 0x00000186c8de7190 Thread added: 0x00000186c8de8540
Event: 11.765 Thread 0x00000186c8de8bd0 Thread exited: 0x00000186c8de8bd0
Event: 13.091 Thread 0x00000186e6c14ac0 Thread added: 0x00000186c8de7820
Event: 13.092 Thread 0x00000186e6c14ac0 Thread added: 0x00000186c8de7eb0
Event: 13.092 Thread 0x00000186e6c14ac0 Thread added: 0x00000186c8de9260
Event: 13.092 Thread 0x00000186e6c14ac0 Thread added: 0x00000186c8de98f0
Event: 13.092 Thread 0x00000186e6c14ac0 Thread added: 0x00000186c8de8bd0
Event: 13.164 Thread 0x00000186e6c14ac0 Thread added: 0x00000186c81f06b0


Dynamic libraries:
0x00007ff627bf0000 - 0x00007ff627c00000 	C:\Program Files\Java\jdk-22\bin\java.exe
0x00007ffabe730000 - 0x00007ffabe928000 	C:\Windows\SYSTEM32\ntdll.dll
0x00007ffabce60000 - 0x00007ffabcf22000 	C:\Windows\System32\KERNEL32.DLL
0x00007ffabc1f0000 - 0x00007ffabc4ef000 	C:\Windows\System32\KERNELBASE.dll
0x00007ffabbf90000 - 0x00007ffabc090000 	C:\Windows\System32\ucrtbase.dll
0x00007ffa8fa80000 - 0x00007ffa8fa97000 	C:\Program Files\Java\jdk-22\bin\jli.dll
0x00007ffabe410000 - 0x00007ffabe5ad000 	C:\Windows\System32\USER32.dll
0x00007ffabbf60000 - 0x00007ffabbf82000 	C:\Windows\System32\win32u.dll
0x00007ffabcbd0000 - 0x00007ffabcbfb000 	C:\Windows\System32\GDI32.dll
0x00007ffabc590000 - 0x00007ffabc6aa000 	C:\Windows\System32\gdi32full.dll
0x00007ffabc4f0000 - 0x00007ffabc58d000 	C:\Windows\System32\msvcp_win.dll
0x00007ffab5c10000 - 0x00007ffab5c2b000 	C:\Program Files\Java\jdk-22\bin\VCRUNTIME140.dll
0x00007ffaa4040000 - 0x00007ffaa42da000 	C:\Windows\WinSxS\amd64_microsoft.windows.common-controls_6595b64144ccf1df_6.0.19041.4355_none_60b8b9eb71f62e16\COMCTL32.dll
0x00007ffabcc00000 - 0x00007ffabcc9e000 	C:\Windows\System32\msvcrt.dll
0x00007ffabce30000 - 0x00007ffabce5f000 	C:\Windows\System32\IMM32.DLL
0x00007ffab6310000 - 0x00007ffab631c000 	C:\Program Files\Java\jdk-22\bin\vcruntime140_1.dll
0x00007ffa8d890000 - 0x00007ffa8d91e000 	C:\Program Files\Java\jdk-22\bin\msvcp140.dll
0x00007ffa53270000 - 0x00007ffa53fb9000 	C:\Program Files\Java\jdk-22\bin\server\jvm.dll
0x00007ffabdf20000 - 0x00007ffabdfcf000 	C:\Windows\System32\ADVAPI32.dll
0x00007ffabd250000 - 0x00007ffabd2ef000 	C:\Windows\System32\sechost.dll
0x00007ffabcd00000 - 0x00007ffabce23000 	C:\Windows\System32\RPCRT4.dll
0x00007ffabc6b0000 - 0x00007ffabc6d7000 	C:\Windows\System32\bcrypt.dll
0x00007ffabd460000 - 0x00007ffabd4cb000 	C:\Windows\System32\WS2_32.dll
0x00007ffabbc30000 - 0x00007ffabbc7b000 	C:\Windows\SYSTEM32\POWRPROF.dll
0x00007ffaa3350000 - 0x00007ffaa3377000 	C:\Windows\SYSTEM32\WINMM.dll
0x00007ffab3c40000 - 0x00007ffab3c4a000 	C:\Windows\SYSTEM32\VERSION.dll
0x00007ffabbc10000 - 0x00007ffabbc22000 	C:\Windows\SYSTEM32\UMPDC.dll
0x00007ffaba5b0000 - 0x00007ffaba5c2000 	C:\Windows\SYSTEM32\kernel.appcore.dll
0x00007ffab60f0000 - 0x00007ffab60fa000 	C:\Program Files\Java\jdk-22\bin\jimage.dll
0x00007ffab9b00000 - 0x00007ffab9ce4000 	C:\Windows\SYSTEM32\DBGHELP.DLL
0x00007ffa9cc90000 - 0x00007ffa9ccc4000 	C:\Windows\SYSTEM32\dbgcore.DLL
0x00007ffabbdd0000 - 0x00007ffabbe52000 	C:\Windows\System32\bcryptPrimitives.dll
0x00007ffab66d0000 - 0x00007ffab66df000 	C:\Program Files\Java\jdk-22\bin\instrument.dll
0x00007ffab3cc0000 - 0x00007ffab3cde000 	C:\Program Files\Java\jdk-22\bin\java.dll
0x00007ffabd600000 - 0x00007ffabdd6d000 	C:\Windows\System32\SHELL32.dll
0x00007ffabd4d0000 - 0x00007ffabd5fb000 	C:\Windows\System32\ole32.dll
0x00007ffabdfd0000 - 0x00007ffabe325000 	C:\Windows\System32\combase.dll
0x00007ffab9df0000 - 0x00007ffaba594000 	C:\Windows\SYSTEM32\windows.storage.dll
0x00007ffabb650000 - 0x00007ffabb67f000 	C:\Windows\SYSTEM32\Wldp.dll
0x00007ffabcfd0000 - 0x00007ffabd09d000 	C:\Windows\System32\OLEAUT32.dll
0x00007ffabe330000 - 0x00007ffabe3dd000 	C:\Windows\System32\SHCORE.dll
0x00007ffabd3a0000 - 0x00007ffabd3f5000 	C:\Windows\System32\shlwapi.dll
0x00007ffabbd00000 - 0x00007ffabbd24000 	C:\Windows\SYSTEM32\profapi.dll
0x00007ffa8d920000 - 0x00007ffa8d9f7000 	C:\Program Files\Java\jdk-22\bin\jsvml.dll
0x00007ffab3580000 - 0x00007ffab3597000 	C:\Program Files\Java\jdk-22\bin\zip.dll
0x00007ffab5d30000 - 0x00007ffab5d40000 	C:\Program Files\Java\jdk-22\bin\net.dll
0x00007ffabb430000 - 0x00007ffabb49c000 	C:\Windows\system32\mswsock.dll
0x00007ffab35c0000 - 0x00007ffab35d6000 	C:\Program Files\Java\jdk-22\bin\nio.dll
0x00007ffab5c00000 - 0x00007ffab5c10000 	C:\Program Files\Java\jdk-22\bin\verify.dll
0x00007ffaa6e90000 - 0x00007ffaa6ed5000 	C:\Users\Alcielma\AppData\Roaming\Code\User\globalStorage\redhat.java\1.39.0\config_ss_win\org.eclipse.equinox.launcher\org.eclipse.equinox.launcher.win32.win32.x86_64_1.2.1100.v20240722-2106\eclipse_11904.dll
0x00007ffabb9a0000 - 0x00007ffabb9b8000 	C:\Windows\SYSTEM32\CRYPTSP.dll
0x00007ffabad70000 - 0x00007ffabada4000 	C:\Windows\system32\rsaenh.dll
0x00007ffabbcc0000 - 0x00007ffabbcee000 	C:\Windows\SYSTEM32\USERENV.dll
0x00007ffabb5c0000 - 0x00007ffabb5cc000 	C:\Windows\SYSTEM32\CRYPTBASE.dll
0x00007ffabb130000 - 0x00007ffabb16b000 	C:\Windows\SYSTEM32\IPHLPAPI.DLL
0x00007ffabe400000 - 0x00007ffabe408000 	C:\Windows\System32\NSI.dll
0x00007ffa90730000 - 0x00007ffa90779000 	C:\Users\Alcielma\AppData\Local\Temp\jna-1614043628\jna1090165955044856413.dll
0x00007ffabcfc0000 - 0x00007ffabcfc8000 	C:\Windows\System32\PSAPI.DLL
0x00007ffab4020000 - 0x00007ffab412a000 	C:\Windows\SYSTEM32\winhttp.dll
0x00007ffab4740000 - 0x00007ffab4757000 	C:\Windows\SYSTEM32\dhcpcsvc6.DLL
0x00007ffab4b10000 - 0x00007ffab4b2d000 	C:\Windows\SYSTEM32\dhcpcsvc.DLL

dbghelp: loaded successfully - version: 4.0.5 - missing functions: none
symbol engine: initialized successfully - sym options: 0x614 - pdb path: .;C:\Program Files\Java\jdk-22\bin;C:\Windows\SYSTEM32;C:\Windows\WinSxS\amd64_microsoft.windows.common-controls_6595b64144ccf1df_6.0.19041.4355_none_60b8b9eb71f62e16;C:\Program Files\Java\jdk-22\bin\server;C:\Users\Alcielma\AppData\Roaming\Code\User\globalStorage\redhat.java\1.39.0\config_ss_win\org.eclipse.equinox.launcher\org.eclipse.equinox.launcher.win32.win32.x86_64_1.2.1100.v20240722-2106;C:\Users\Alcielma\AppData\Local\Temp\jna-1614043628

VM Arguments:
jvm_args: --add-modules=ALL-SYSTEM --add-opens=java.base/java.util=ALL-UNNAMED --add-opens=java.base/java.lang=ALL-UNNAMED --add-opens=java.base/sun.nio.fs=ALL-UNNAMED -Declipse.application=org.eclipse.jdt.ls.core.id1 -Dosgi.bundles.defaultStartLevel=4 -Declipse.product=org.eclipse.jdt.ls.core.product -Djava.import.generatesMetadataFilesAtProjectRoot=false -DDetectVMInstallationsJob.disabled=true -Dfile.encoding=utf8 -XX:+UseParallelGC -XX:GCTimeRatio=4 -XX:AdaptiveSizePolicyWeight=90 -Dsun.zip.disableMemoryMapping=true -Xmx1G -Xms100m -Xlog:disable -javaagent:c:\Users\Alcielma\.vscode\extensions\redhat.java-1.39.0-win32-x64\lombok\lombok-1.18.34.jar 
java_command: c:\Users\Alcielma\.vscode\extensions\redhat.java-1.39.0-win32-x64\server\plugins\org.eclipse.equinox.launcher_1.6.900.v20240613-2009.jar -configuration c:\Users\Alcielma\AppData\Roaming\Code\User\globalStorage\redhat.java\1.39.0\config_ss_win -data c:\Users\Alcielma\AppData\Roaming\Code\User\workspaceStorage\7f4b856d9addbdb51e2a1b70957ccbfa\redhat.java\ss_ws --pipe=\\.\pipe\lsp-0c92203c500fa871af11e1443b186c91-sock
java_class_path (initial): c:\Users\Alcielma\.vscode\extensions\redhat.java-1.39.0-win32-x64\server\plugins\org.eclipse.equinox.launcher_1.6.900.v20240613-2009.jar
Launcher Type: SUN_STANDARD

[Global flags]
     uint AdaptiveSizePolicyWeight                 = 90                                        {product} {command line}
     intx CICompilerCount                          = 3                                         {product} {ergonomic}
     uint GCTimeRatio                              = 4                                         {product} {command line}
   size_t InitialHeapSize                          = 104857600                                 {product} {command line}
   size_t MaxHeapSize                              = 1073741824                                {product} {command line}
   size_t MaxNewSize                               = 357564416                                 {product} {ergonomic}
   size_t MinHeapDeltaBytes                        = 524288                                    {product} {ergonomic}
   size_t MinHeapSize                              = 104857600                                 {product} {command line}
   size_t NewSize                                  = 34603008                                  {product} {ergonomic}
    uintx NonNMethodCodeHeapSize                   = 5832780                                {pd product} {ergonomic}
    uintx NonProfiledCodeHeapSize                  = 122912730                              {pd product} {ergonomic}
   size_t OldSize                                  = 70254592                                  {product} {ergonomic}
    uintx ProfiledCodeHeapSize                     = 122912730                              {pd product} {ergonomic}
    uintx ReservedCodeCacheSize                    = 251658240                              {pd product} {ergonomic}
     bool SegmentedCodeCache                       = true                                      {product} {ergonomic}
   size_t SoftMaxHeapSize                          = 1073741824                             {manageable} {ergonomic}
     bool UseCompressedOops                        = true                           {product lp64_product} {ergonomic}
     bool UseLargePagesIndividualAllocation        = false                                  {pd product} {ergonomic}
     bool UseParallelGC                            = true                                      {product} {command line}

Logging:
Log output configuration:
 #0: stdout all=off uptime,level,tags foldmultilines=false
 #1: stderr all=off uptime,level,tags foldmultilines=false

Environment Variables:
PATH=C:\Program Files\Common Files\Oracle\Java\javapath;C:\Program Files\Eclipse Adoptium\jdk-21.0.5.11-hotspot\bin;C:\MinGW\bin;C:\Windows;C:\Windows\System32\Wbem;C:\Windows\System32\WindowsPowerShell\v1.0\;C:\Windows\System32\OpenSSH\;C:\Program Files\PuTTY\;C:\Program Files\Git\cmd;C:\Program Files\Docker\Docker\resources\bin;C:\MinGW\bin;C:\Program Files\nodejs\;C:\apache-maven-3.9.9\bin;C:\Program Files\PostgreSQL\17\bin;C:\Program Files\PostgreSQL\12\bin;C:\Users\Alcielma\AppData\Local\GitHubDesktop\bin;C:\Users\Alcielma\AppData\Local\Programs\Microsoft VS Code\bin;C:\Users\Alcielma\AppData\Roaming\npm
USERNAME=Alcielma
OS=Windows_NT
PROCESSOR_IDENTIFIER=Intel64 Family 6 Model 78 Stepping 3, GenuineIntel
TMP=C:\Users\Alcielma\AppData\Local\Temp
TEMP=C:\Users\Alcielma\AppData\Local\Temp




Periodic native trim disabled

---------------  S Y S T E M  ---------------

OS:
 Windows 10 , 64 bit Build 19041 (10.0.19041.5438)
OS uptime: 7 days 5:42 hours
Hyper-V role detected

CPU: total 4 (initial active 4) (2 cores per cpu, 2 threads per core) family 6 model 78 stepping 3 microcode 0xcc, cx8, cmov, fxsr, ht, mmx, 3dnowpref, sse, sse2, sse3, ssse3, sse4.1, sse4.2, popcnt, lzcnt, tsc, tscinvbit, avx, avx2, aes, erms, clmul, bmi1, bmi2, rtm, adx, fma, vzeroupper, clflush, clflushopt, hv, rdtscp, f16c
Processor Information for all 4 processors :
  Max Mhz: 2304, Current Mhz: 2304, Mhz Limit: 2304

Memory: 4k page, system-wide physical 3975M (143M free)
TotalPageFile size 16263M (AvailPageFile size 0M)
current process WorkingSet (physical memory assigned to process): 132M, peak: 146M
current process commit charge ("private bytes"): 226M, peak: 241M

vm_info: Java HotSpot(TM) 64-Bit Server VM (22.0.2+9-70) for windows-amd64 JRE (22.0.2+9-70), built on 2024-06-04T16:52:23Z by "mach5one" with MS VC++ 17.6 (VS2022)

END.
